{"/usr/src/app/knexfile.ts": {"path":"/usr/src/app/knexfile.ts","statementMap":{"0":{"start":{"line":1,"column":0},"end":{"line":1,"column":33}},"1":{"start":{"line":6,"column":23},"end":{"line":24,"column":2}},"2":{"start":{"line":25,"column":0},"end":{"line":25,"column":22}},"3":{"start":{"line":26,"column":0},"end":{"line":26,"column":24}}},"fnMap":{},"branchMap":{},"s":{"0":1,"1":1,"2":1,"3":1},"f":{},"b":{}}
,"/usr/src/app/config/environment.ts": {"path":"/usr/src/app/config/environment.ts","statementMap":{"0":{"start":{"line":1,"column":0},"end":{"line":1,"column":27}},"1":{"start":{"line":3,"column":13},"end":{"line":3,"column":62}},"2":{"start":{"line":5,"column":21},"end":{"line":5,"column":44}},"3":{"start":{"line":7,"column":13},"end":{"line":21,"column":2}},"4":{"start":{"line":8,"column":24},"end":{"line":8,"column":79}},"5":{"start":{"line":8,"column":51},"end":{"line":8,"column":67}},"6":{"start":{"line":9,"column":2},"end":{"line":16,"column":null}},"7":{"start":{"line":10,"column":4},"end":{"line":10,"column":38}},"8":{"start":{"line":11,"column":4},"end":{"line":13,"column":6}},"9":{"start":{"line":14,"column":4},"end":{"line":14,"column":38}},"10":{"start":{"line":15,"column":4},"end":{"line":15,"column":17}},"11":{"start":{"line":17,"column":2},"end":{"line":17,"column":36}},"12":{"start":{"line":18,"column":2},"end":{"line":18,"column":51}},"13":{"start":{"line":19,"column":2},"end":{"line":19,"column":36}},"14":{"start":{"line":20,"column":2},"end":{"line":20,"column":14}}},"fnMap":{"0":{"name":"(anonymous_0)","decl":{"start":{"line":7,"column":24},"end":{"line":7,"column":27}},"loc":{"start":{"line":7,"column":29},"end":{"line":21,"column":1}}},"1":{"name":"(anonymous_1)","decl":{"start":{"line":8,"column":41},"end":{"line":8,"column":42}},"loc":{"start":{"line":8,"column":51},"end":{"line":8,"column":67}}}},"branchMap":{"0":{"loc":{"start":{"line":9,"column":2},"end":{"line":16,"column":null}},"type":"if","locations":[{"start":{"line":9,"column":2},"end":{"line":16,"column":null}},{"start":{"line":9,"column":2},"end":{"line":16,"column":null}}]}},"s":{"0":1,"1":1,"2":1,"3":1,"4":0,"5":0,"6":0,"7":0,"8":0,"9":0,"10":0,"11":0,"12":0,"13":0,"14":0},"f":{"0":0,"1":0},"b":{"0":[0,0]}}
,"/usr/src/app/config/knex.ts": {"path":"/usr/src/app/config/knex.ts","statementMap":{"0":{"start":{"line":1,"column":0},"end":{"line":1,"column":33}},"1":{"start":{"line":3,"column":13},"end":{"line":3,"column":36}},"2":{"start":{"line":5,"column":0},"end":{"line":5,"column":20}},"3":{"start":{"line":6,"column":0},"end":{"line":6,"column":22}}},"fnMap":{},"branchMap":{},"s":{"0":1,"1":1,"2":1,"3":1},"f":{},"b":{}}
,"/usr/src/app/config/server-config.ts": {"path":"/usr/src/app/config/server-config.ts","statementMap":{"0":{"start":{"line":1,"column":0},"end":{"line":1,"column":38}},"1":{"start":{"line":2,"column":0},"end":{"line":2,"column":26}},"2":{"start":{"line":3,"column":0},"end":{"line":3,"column":49}},"3":{"start":{"line":5,"column":17},"end":{"line":5,"column":50}},"4":{"start":{"line":6,"column":11},"end":{"line":9,"column":3}},"5":{"start":{"line":11,"column":13},"end":{"line":25,"column":2}},"6":{"start":{"line":12,"column":2},"end":{"line":24,"column":5}},"7":{"start":{"line":27,"column":13},"end":{"line":34,"column":2}}},"fnMap":{"0":{"name":"(anonymous_1)","decl":{"start":{"line":11,"column":33},"end":{"line":11,"column":36}},"loc":{"start":{"line":11,"column":38},"end":{"line":25,"column":1}}}},"branchMap":{"0":{"loc":{"start":{"line":8,"column":8},"end":{"line":8,"column":30}},"type":"binary-expr","locations":[{"start":{"line":8,"column":8},"end":{"line":8,"column":30}},{"start":{"line":8,"column":34},"end":{"line":8,"column":41}}]}},"s":{"0":1,"1":1,"2":1,"3":1,"4":1,"5":1,"6":0,"7":1},"f":{"0":0},"b":{"0":[1,0]}}
,"/usr/src/app/errors/IError.ts": {"path":"/usr/src/app/errors/IError.ts","statementMap":{"0":{"start":{"line":5,"column":13},"end":{"line":10,"column":2}},"1":{"start":{"line":6,"column":2},"end":{"line":9,"column":4}}},"fnMap":{"0":{"name":"(anonymous_0)","decl":{"start":{"line":5,"column":29},"end":{"line":5,"column":30}},"loc":{"start":{"line":5,"column":50},"end":{"line":10,"column":1}}}},"branchMap":{},"s":{"0":1,"1":1},"f":{"0":1},"b":{}}
,"/usr/src/app/errors/articles.ts": {"path":"/usr/src/app/errors/articles.ts","statementMap":{"0":{"start":{"line":11,"column":4},"end":{"line":11,"column":25}},"1":{"start":{"line":12,"column":4},"end":{"line":12,"column":27}},"2":{"start":{"line":15,"column":4},"end":{"line":18,"column":6}},"3":{"start":{"line":23,"column":13},"end":{"line":25,"column":3}},"4":{"start":{"line":28,"column":13},"end":{"line":30,"column":3}},"5":{"start":{"line":33,"column":13},"end":{"line":33,"column":72}}},"fnMap":{"0":{"name":"(anonymous_0)","decl":{"start":{"line":10,"column":2},"end":{"line":10,"column":14}},"loc":{"start":{"line":10,"column":30},"end":{"line":13,"column":3}}},"1":{"name":"(anonymous_1)","decl":{"start":{"line":14,"column":2},"end":{"line":14,"column":12}},"loc":{"start":{"line":14,"column":12},"end":{"line":19,"column":3}}}},"branchMap":{},"s":{"0":3,"1":3,"2":0,"3":1,"4":1,"5":1},"f":{"0":3,"1":0},"b":{}}
,"/usr/src/app/errors/auth.ts": {"path":"/usr/src/app/errors/auth.ts","statementMap":{"0":{"start":{"line":8,"column":4},"end":{"line":8,"column":26}},"1":{"start":{"line":11,"column":4},"end":{"line":14,"column":6}},"2":{"start":{"line":19,"column":13},"end":{"line":21,"column":2}},"3":{"start":{"line":24,"column":13},"end":{"line":24,"column":63}},"4":{"start":{"line":27,"column":13},"end":{"line":27,"column":75}}},"fnMap":{"0":{"name":"(anonymous_0)","decl":{"start":{"line":7,"column":2},"end":{"line":7,"column":14}},"loc":{"start":{"line":7,"column":27},"end":{"line":9,"column":3}}},"1":{"name":"(anonymous_1)","decl":{"start":{"line":10,"column":2},"end":{"line":10,"column":12}},"loc":{"start":{"line":10,"column":12},"end":{"line":15,"column":3}}}},"branchMap":{},"s":{"0":3,"1":1,"2":1,"3":1,"4":1},"f":{"0":3,"1":1},"b":{}}
,"/usr/src/app/errors/generalErrors.ts": {"path":"/usr/src/app/errors/generalErrors.ts","statementMap":{"0":{"start":{"line":1,"column":13},"end":{"line":3,"column":2}},"1":{"start":{"line":5,"column":13},"end":{"line":7,"column":2}},"2":{"start":{"line":9,"column":13},"end":{"line":9,"column":70}},"3":{"start":{"line":11,"column":13},"end":{"line":13,"column":2}}},"fnMap":{},"branchMap":{},"s":{"0":1,"1":1,"2":1,"3":1},"f":{},"b":{}}
,"/usr/src/app/errors/index.ts": {"path":"/usr/src/app/errors/index.ts","statementMap":{"0":{"start":{"line":1,"column":0},"end":{"line":1,"column":23}},"1":{"start":{"line":2,"column":0},"end":{"line":2,"column":28}},"2":{"start":{"line":3,"column":0},"end":{"line":3,"column":27}},"3":{"start":{"line":4,"column":0},"end":{"line":4,"column":32}},"4":{"start":{"line":5,"column":0},"end":{"line":5,"column":9}},"5":{"start":{"line":5,"column":9},"end":{"line":5,"column":41}}},"fnMap":{"0":{"name":"(anonymous_4)","decl":{"start":{"line":5,"column":9},"end":{"line":5,"column":22}},"loc":{"start":{"line":5,"column":9},"end":{"line":5,"column":41}}}},"branchMap":{},"s":{"0":1,"1":1,"2":1,"3":1,"4":1,"5":2},"f":{"0":1},"b":{}}
,"/usr/src/app/errors/updateAcc.ts": {"path":"/usr/src/app/errors/updateAcc.ts","statementMap":{"0":{"start":{"line":9,"column":4},"end":{"line":9,"column":26}},"1":{"start":{"line":12,"column":4},"end":{"line":15,"column":6}},"2":{"start":{"line":20,"column":13},"end":{"line":22,"column":2}},"3":{"start":{"line":25,"column":13},"end":{"line":27,"column":2}},"4":{"start":{"line":29,"column":13},"end":{"line":31,"column":2}}},"fnMap":{"0":{"name":"(anonymous_0)","decl":{"start":{"line":8,"column":2},"end":{"line":8,"column":14}},"loc":{"start":{"line":8,"column":27},"end":{"line":10,"column":3}}},"1":{"name":"(anonymous_1)","decl":{"start":{"line":11,"column":2},"end":{"line":11,"column":12}},"loc":{"start":{"line":11,"column":12},"end":{"line":16,"column":3}}}},"branchMap":{},"s":{"0":3,"1":1,"2":1,"3":1,"4":1},"f":{"0":3,"1":1},"b":{}}
,"/usr/src/app/schema/typeDefs/index.ts": {"path":"/usr/src/app/schema/typeDefs/index.ts","statementMap":{"0":{"start":{"line":1,"column":0},"end":{"line":1,"column":24}},"1":{"start":{"line":2,"column":0},"end":{"line":2,"column":63}},"2":{"start":{"line":4,"column":19},"end":{"line":6,"column":2}},"3":{"start":{"line":8,"column":13},"end":{"line":8,"column":62}}},"fnMap":{},"branchMap":{},"s":{"0":1,"1":1,"2":1,"3":1},"f":{},"b":{}}
,"/usr/src/app/src/db/migrations/20200504130026_create_users_table.ts": {"path":"/usr/src/app/src/db/migrations/20200504130026_create_users_table.ts","statementMap":{"0":{"start":{"line":3,"column":19},"end":{"line":3,"column":26}},"1":{"start":{"line":6,"column":2},"end":{"line":6,"column":50}},"2":{"start":{"line":8,"column":2},"end":{"line":24,"column":5}},"3":{"start":{"line":9,"column":4},"end":{"line":12,"column":16}},"4":{"start":{"line":14,"column":4},"end":{"line":14,"column":44}},"5":{"start":{"line":15,"column":4},"end":{"line":17,"column":21}},"6":{"start":{"line":18,"column":4},"end":{"line":18,"column":44}},"7":{"start":{"line":19,"column":4},"end":{"line":19,"column":42}},"8":{"start":{"line":20,"column":4},"end":{"line":20,"column":41}},"9":{"start":{"line":21,"column":4},"end":{"line":21,"column":43}},"10":{"start":{"line":22,"column":4},"end":{"line":22,"column":29}},"11":{"start":{"line":23,"column":4},"end":{"line":23,"column":45}},"12":{"start":{"line":5,"column":0},"end":{"line":5,"column":22}},"13":{"start":{"line":27,"column":13},"end":{"line":29,"column":2}},"14":{"start":{"line":27,"column":55},"end":{"line":29,"column":2}},"15":{"start":{"line":28,"column":2},"end":{"line":28,"column":50}}},"fnMap":{"0":{"name":"up","decl":{"start":{"line":5,"column":22},"end":{"line":5,"column":24}},"loc":{"start":{"line":5,"column":35},"end":{"line":25,"column":null}}},"1":{"name":"(anonymous_9)","decl":{"start":{"line":8,"column":44},"end":{"line":8,"column":45}},"loc":{"start":{"line":8,"column":50},"end":{"line":24,"column":3}}},"2":{"name":"(anonymous_10)","decl":{"start":{"line":27,"column":20},"end":{"line":27,"column":27}},"loc":{"start":{"line":27,"column":55},"end":{"line":29,"column":2}}},"3":{"name":"(anonymous_11)","decl":{"start":{"line":27,"column":55},"end":{"line":27,"column":null}},"loc":{"start":{"line":27,"column":55},"end":{"line":29,"column":1}}}},"branchMap":{},"s":{"0":1,"1":1,"2":1,"3":1,"4":1,"5":1,"6":1,"7":1,"8":1,"9":1,"10":1,"11":1,"12":1,"13":1,"14":1,"15":1},"f":{"0":1,"1":1,"2":1,"3":1},"b":{}}
,"/usr/src/app/src/db/migrations/20200504130650_create_articles_table.ts": {"path":"/usr/src/app/src/db/migrations/20200504130650_create_articles_table.ts","statementMap":{"0":{"start":{"line":3,"column":19},"end":{"line":3,"column":29}},"1":{"start":{"line":6,"column":2},"end":{"line":6,"column":50}},"2":{"start":{"line":8,"column":2},"end":{"line":18,"column":5}},"3":{"start":{"line":9,"column":4},"end":{"line":9,"column":27}},"4":{"start":{"line":10,"column":4},"end":{"line":10,"column":27}},"5":{"start":{"line":11,"column":4},"end":{"line":11,"column":19}},"6":{"start":{"line":12,"column":4},"end":{"line":12,"column":29}},"7":{"start":{"line":13,"column":4},"end":{"line":13,"column":45}},"8":{"start":{"line":15,"column":4},"end":{"line":17,"column":24}},"9":{"start":{"line":5,"column":0},"end":{"line":5,"column":22}},"10":{"start":{"line":21,"column":13},"end":{"line":23,"column":2}},"11":{"start":{"line":21,"column":55},"end":{"line":23,"column":2}},"12":{"start":{"line":22,"column":2},"end":{"line":22,"column":50}}},"fnMap":{"0":{"name":"up","decl":{"start":{"line":5,"column":22},"end":{"line":5,"column":24}},"loc":{"start":{"line":5,"column":35},"end":{"line":19,"column":null}}},"1":{"name":"(anonymous_9)","decl":{"start":{"line":8,"column":44},"end":{"line":8,"column":45}},"loc":{"start":{"line":8,"column":50},"end":{"line":18,"column":3}}},"2":{"name":"(anonymous_10)","decl":{"start":{"line":21,"column":20},"end":{"line":21,"column":27}},"loc":{"start":{"line":21,"column":55},"end":{"line":23,"column":2}}},"3":{"name":"(anonymous_11)","decl":{"start":{"line":21,"column":55},"end":{"line":21,"column":null}},"loc":{"start":{"line":21,"column":55},"end":{"line":23,"column":1}}}},"branchMap":{},"s":{"0":1,"1":1,"2":1,"3":1,"4":1,"5":1,"6":1,"7":1,"8":1,"9":1,"10":1,"11":1,"12":1},"f":{"0":1,"1":1,"2":1,"3":1},"b":{}}
,"/usr/src/app/src/db/seeds/01_users.ts": {"path":"/usr/src/app/src/db/seeds/01_users.ts","statementMap":{"0":{"start":{"line":2,"column":0},"end":{"line":2,"column":36}},"1":{"start":{"line":4,"column":0},"end":{"line":4,"column":50}},"2":{"start":{"line":7,"column":2},"end":{"line":7,"column":34}},"3":{"start":{"line":6,"column":0},"end":{"line":6,"column":16}},"4":{"start":{"line":12,"column":2},"end":{"line":48,"column":7}},"5":{"start":{"line":16,"column":6},"end":{"line":47,"column":9}},"6":{"start":{"line":10,"column":0},"end":{"line":10,"column":22}}},"fnMap":{"0":{"name":"passHash","decl":{"start":{"line":6,"column":16},"end":{"line":6,"column":24}},"loc":{"start":{"line":6,"column":24},"end":{"line":8,"column":1}}},"1":{"name":"seed","decl":{"start":{"line":10,"column":22},"end":{"line":10,"column":26}},"loc":{"start":{"line":10,"column":37},"end":{"line":49,"column":null}}},"2":{"name":"(anonymous_10)","decl":{"start":{"line":14,"column":10},"end":{"line":14,"column":13}},"loc":{"start":{"line":14,"column":15},"end":{"line":48,"column":5}}}},"branchMap":{},"s":{"0":1,"1":1,"2":3,"3":1,"4":1,"5":1,"6":1},"f":{"0":3,"1":1,"2":1},"b":{}}
,"/usr/src/app/src/db/seeds/02_articles.ts": {"path":"/usr/src/app/src/db/seeds/02_articles.ts","statementMap":{"0":{"start":{"line":2,"column":0},"end":{"line":2,"column":59}},"1":{"start":{"line":6,"column":2},"end":{"line":40,"column":7}},"2":{"start":{"line":10,"column":6},"end":{"line":39,"column":9}},"3":{"start":{"line":4,"column":0},"end":{"line":4,"column":22}}},"fnMap":{"0":{"name":"seed","decl":{"start":{"line":4,"column":22},"end":{"line":4,"column":26}},"loc":{"start":{"line":4,"column":37},"end":{"line":41,"column":null}}},"1":{"name":"(anonymous_9)","decl":{"start":{"line":8,"column":10},"end":{"line":8,"column":13}},"loc":{"start":{"line":8,"column":15},"end":{"line":40,"column":5}}}},"branchMap":{},"s":{"0":1,"1":1,"2":1,"3":1},"f":{"0":1,"1":1},"b":{}}
,"/usr/src/app/src/db/seeds/mockData.ts": {"path":"/usr/src/app/src/db/seeds/mockData.ts","statementMap":{"0":{"start":{"line":1,"column":13},"end":{"line":5,"column":2}},"1":{"start":{"line":6,"column":13},"end":{"line":6,"column":75}},"2":{"start":{"line":7,"column":13},"end":{"line":7,"column":43}},"3":{"start":{"line":9,"column":13},"end":{"line":9,"column":53}},"4":{"start":{"line":10,"column":13},"end":{"line":15,"column":2}},"5":{"start":{"line":16,"column":13},"end":{"line":21,"column":2}}},"fnMap":{},"branchMap":{},"s":{"0":1,"1":1,"2":1,"3":1,"4":1,"5":1},"f":{},"b":{}}
,"/usr/src/app/src/resolvers/db_control.ts": {"path":"/usr/src/app/src/resolvers/db_control.ts","statementMap":{"0":{"start":{"line":1,"column":0},"end":{"line":1,"column":32}},"1":{"start":{"line":2,"column":0},"end":{"line":2,"column":49}},"2":{"start":{"line":3,"column":0},"end":{"line":3,"column":58}},"3":{"start":{"line":4,"column":0},"end":{"line":4,"column":58}},"4":{"start":{"line":5,"column":0},"end":{"line":5,"column":64}},"5":{"start":{"line":6,"column":0},"end":{"line":6,"column":null}},"6":{"start":{"line":10,"column":0},"end":{"line":10,"column":null}},"7":{"start":{"line":16,"column":13},"end":{"line":25,"column":2}},"8":{"start":{"line":16,"column":36},"end":{"line":25,"column":2}},"9":{"start":{"line":17,"column":2},"end":{"line":17,"column":54}},"10":{"start":{"line":17,"column":29},"end":{"line":17,"column":54}},"11":{"start":{"line":18,"column":2},"end":{"line":24,"column":null}},"12":{"start":{"line":19,"column":4},"end":{"line":19,"column":29}},"13":{"start":{"line":20,"column":4},"end":{"line":20,"column":32}},"14":{"start":{"line":21,"column":4},"end":{"line":21,"column":19}},"15":{"start":{"line":23,"column":4},"end":{"line":23,"column":21}},"16":{"start":{"line":28,"column":13},"end":{"line":37,"column":2}},"17":{"start":{"line":28,"column":33},"end":{"line":37,"column":2}},"18":{"start":{"line":29,"column":2},"end":{"line":29,"column":54}},"19":{"start":{"line":29,"column":29},"end":{"line":29,"column":54}},"20":{"start":{"line":30,"column":2},"end":{"line":36,"column":null}},"21":{"start":{"line":31,"column":4},"end":{"line":31,"column":27}},"22":{"start":{"line":32,"column":4},"end":{"line":32,"column":30}},"23":{"start":{"line":33,"column":4},"end":{"line":33,"column":19}},"24":{"start":{"line":35,"column":4},"end":{"line":35,"column":21}},"25":{"start":{"line":40,"column":13},"end":{"line":50,"column":2}},"26":{"start":{"line":40,"column":66},"end":{"line":50,"column":2}},"27":{"start":{"line":41,"column":2},"end":{"line":41,"column":54}},"28":{"start":{"line":41,"column":29},"end":{"line":41,"column":54}},"29":{"start":{"line":42,"column":2},"end":{"line":49,"column":null}},"30":{"start":{"line":43,"column":4},"end":{"line":43,"column":21}},"31":{"start":{"line":44,"column":4},"end":{"line":44,"column":30}},"32":{"start":{"line":45,"column":4},"end":{"line":45,"column":27}},"33":{"start":{"line":46,"column":4},"end":{"line":46,"column":19}},"34":{"start":{"line":48,"column":4},"end":{"line":48,"column":21}}},"fnMap":{"0":{"name":"(anonymous_8)","decl":{"start":{"line":16,"column":25},"end":{"line":16,"column":34}},"loc":{"start":{"line":16,"column":36},"end":{"line":25,"column":2}}},"1":{"name":"(anonymous_9)","decl":{"start":{"line":16,"column":36},"end":{"line":16,"column":null}},"loc":{"start":{"line":16,"column":36},"end":{"line":25,"column":1}}},"2":{"name":"(anonymous_10)","decl":{"start":{"line":28,"column":22},"end":{"line":28,"column":31}},"loc":{"start":{"line":28,"column":33},"end":{"line":37,"column":2}}},"3":{"name":"(anonymous_11)","decl":{"start":{"line":28,"column":33},"end":{"line":28,"column":null}},"loc":{"start":{"line":28,"column":33},"end":{"line":37,"column":1}}},"4":{"name":"(anonymous_12)","decl":{"start":{"line":40,"column":27},"end":{"line":40,"column":34}},"loc":{"start":{"line":40,"column":66},"end":{"line":50,"column":2}}},"5":{"name":"(anonymous_13)","decl":{"start":{"line":40,"column":66},"end":{"line":40,"column":null}},"loc":{"start":{"line":40,"column":66},"end":{"line":50,"column":1}}}},"branchMap":{"0":{"loc":{"start":{"line":17,"column":2},"end":{"line":17,"column":54}},"type":"if","locations":[{"start":{"line":17,"column":2},"end":{"line":17,"column":54}},{"start":{"line":17,"column":2},"end":{"line":17,"column":54}}]},"1":{"loc":{"start":{"line":29,"column":2},"end":{"line":29,"column":54}},"type":"if","locations":[{"start":{"line":29,"column":2},"end":{"line":29,"column":54}},{"start":{"line":29,"column":2},"end":{"line":29,"column":54}}]},"2":{"loc":{"start":{"line":41,"column":2},"end":{"line":41,"column":54}},"type":"if","locations":[{"start":{"line":41,"column":2},"end":{"line":41,"column":54}},{"start":{"line":41,"column":2},"end":{"line":41,"column":54}}]}},"s":{"0":1,"1":1,"2":1,"3":1,"4":1,"5":1,"6":1,"7":1,"8":1,"9":1,"10":0,"11":1,"12":1,"13":1,"14":1,"15":0,"16":1,"17":1,"18":1,"19":0,"20":1,"21":1,"22":1,"23":1,"24":0,"25":1,"26":1,"27":1,"28":0,"29":1,"30":1,"31":1,"32":1,"33":1,"34":0},"f":{"0":1,"1":1,"2":1,"3":1,"4":1,"5":1},"b":{"0":[0,1],"1":[0,1],"2":[0,1]}}
,"/usr/src/app/src/resolvers/index.ts": {"path":"/usr/src/app/src/resolvers/index.ts","statementMap":{"0":{"start":{"line":1,"column":0},"end":{"line":1,"column":55}},"1":{"start":{"line":2,"column":0},"end":{"line":2,"column":67}},"2":{"start":{"line":3,"column":0},"end":{"line":3,"column":76}},"3":{"start":{"line":4,"column":0},"end":{"line":4,"column":62}},"4":{"start":{"line":6,"column":23},"end":{"line":30,"column":2}},"5":{"start":{"line":22,"column":52},"end":{"line":23,"column":null}},"6":{"start":{"line":23,"column":8},"end":{"line":23,"column":null}},"7":{"start":{"line":26,"column":50},"end":{"line":27,"column":null}},"8":{"start":{"line":27,"column":8},"end":{"line":27,"column":null}},"9":{"start":{"line":32,"column":13},"end":{"line":32,"column":56}}},"fnMap":{"0":{"name":"(anonymous_7)","decl":{"start":{"line":22,"column":16},"end":{"line":22,"column":23}},"loc":{"start":{"line":22,"column":52},"end":{"line":23,"column":null}}},"1":{"name":"(anonymous_8)","decl":{"start":{"line":22,"column":52},"end":{"line":22,"column":null}},"loc":{"start":{"line":22,"column":52},"end":{"line":23,"column":null}}},"2":{"name":"(anonymous_9)","decl":{"start":{"line":26,"column":14},"end":{"line":26,"column":21}},"loc":{"start":{"line":26,"column":50},"end":{"line":27,"column":null}}},"3":{"name":"(anonymous_10)","decl":{"start":{"line":26,"column":50},"end":{"line":26,"column":null}},"loc":{"start":{"line":26,"column":50},"end":{"line":27,"column":null}}}},"branchMap":{},"s":{"0":1,"1":1,"2":1,"3":1,"4":1,"5":0,"6":0,"7":0,"8":0,"9":1},"f":{"0":0,"1":0,"2":0,"3":0},"b":{}}
,"/usr/src/app/src/resolvers/articleResolvers/index.ts": {"path":"/usr/src/app/src/resolvers/articleResolvers/index.ts","statementMap":{"0":{"start":{"line":1,"column":0},"end":{"line":1,"column":48}},"1":{"start":{"line":2,"column":0},"end":{"line":2,"column":44}}},"fnMap":{},"branchMap":{},"s":{"0":1,"1":1},"f":{},"b":{}}
,"/usr/src/app/src/resolvers/articleResolvers/mutations/create.ts": {"path":"/usr/src/app/src/resolvers/articleResolvers/mutations/create.ts","statementMap":{"0":{"start":{"line":2,"column":0},"end":{"line":2,"column":32}},"1":{"start":{"line":3,"column":0},"end":{"line":3,"column":48}},"2":{"start":{"line":4,"column":0},"end":{"line":4,"column":36}},"3":{"start":{"line":6,"column":13},"end":{"line":33,"column":2}},"4":{"start":{"line":10,"column":4},"end":{"line":33,"column":2}},"5":{"start":{"line":11,"column":2},"end":{"line":32,"column":null}},"6":{"start":{"line":12,"column":23},"end":{"line":22,"column":38}},"7":{"start":{"line":24,"column":4},"end":{"line":28,"column":6}},"8":{"start":{"line":30,"column":4},"end":{"line":30,"column":29}},"9":{"start":{"line":31,"column":4},"end":{"line":31,"column":26}}},"fnMap":{"0":{"name":"(anonymous_8)","decl":{"start":{"line":6,"column":69},"end":{"line":6,"column":null}},"loc":{"start":{"line":10,"column":4},"end":{"line":33,"column":2}}},"1":{"name":"(anonymous_9)","decl":{"start":{"line":10,"column":4},"end":{"line":10,"column":null}},"loc":{"start":{"line":10,"column":4},"end":{"line":33,"column":1}}}},"branchMap":{},"s":{"0":1,"1":1,"2":1,"3":1,"4":0,"5":0,"6":0,"7":0,"8":0,"9":0},"f":{"0":0,"1":0},"b":{}}
,"/usr/src/app/src/resolvers/articleResolvers/mutations/edit.ts": {"path":"/usr/src/app/src/resolvers/articleResolvers/mutations/edit.ts","statementMap":{"0":{"start":{"line":2,"column":0},"end":{"line":2,"column":32}},"1":{"start":{"line":3,"column":0},"end":{"line":3,"column":68}},"2":{"start":{"line":5,"column":13},"end":{"line":31,"column":2}},"3":{"start":{"line":9,"column":4},"end":{"line":31,"column":2}},"4":{"start":{"line":10,"column":2},"end":{"line":30,"column":null}},"5":{"start":{"line":11,"column":18},"end":{"line":14,"column":14}},"6":{"start":{"line":17,"column":4},"end":{"line":19,"column":null}},"7":{"start":{"line":18,"column":6},"end":{"line":18,"column":32}},"8":{"start":{"line":21,"column":23},"end":{"line":24,"column":6}},"9":{"start":{"line":26,"column":4},"end":{"line":26,"column":47}},"10":{"start":{"line":28,"column":4},"end":{"line":28,"column":29}},"11":{"start":{"line":29,"column":4},"end":{"line":29,"column":26}}},"fnMap":{"0":{"name":"(anonymous_8)","decl":{"start":{"line":5,"column":65},"end":{"line":5,"column":null}},"loc":{"start":{"line":9,"column":4},"end":{"line":31,"column":2}}},"1":{"name":"(anonymous_9)","decl":{"start":{"line":9,"column":4},"end":{"line":9,"column":null}},"loc":{"start":{"line":9,"column":4},"end":{"line":31,"column":1}}}},"branchMap":{"0":{"loc":{"start":{"line":17,"column":4},"end":{"line":19,"column":null}},"type":"if","locations":[{"start":{"line":17,"column":4},"end":{"line":19,"column":null}},{"start":{"line":17,"column":4},"end":{"line":19,"column":null}}]}},"s":{"0":1,"1":1,"2":1,"3":0,"4":0,"5":0,"6":0,"7":0,"8":0,"9":0,"10":0,"11":0},"f":{"0":0,"1":0},"b":{"0":[0,0]}}
,"/usr/src/app/src/resolvers/articleResolvers/mutations/index.ts": {"path":"/usr/src/app/src/resolvers/articleResolvers/mutations/index.ts","statementMap":{"0":{"start":{"line":1,"column":0},"end":{"line":1,"column":9}},"1":{"start":{"line":1,"column":9},"end":{"line":1,"column":41}},"2":{"start":{"line":2,"column":0},"end":{"line":2,"column":9}},"3":{"start":{"line":2,"column":9},"end":{"line":2,"column":37}},"4":{"start":{"line":3,"column":0},"end":{"line":3,"column":9}},"5":{"start":{"line":3,"column":9},"end":{"line":3,"column":41}}},"fnMap":{"0":{"name":"(anonymous_0)","decl":{"start":{"line":1,"column":9},"end":{"line":1,"column":22}},"loc":{"start":{"line":1,"column":9},"end":{"line":1,"column":41}}},"1":{"name":"(anonymous_1)","decl":{"start":{"line":2,"column":9},"end":{"line":2,"column":20}},"loc":{"start":{"line":2,"column":9},"end":{"line":2,"column":37}}},"2":{"name":"(anonymous_2)","decl":{"start":{"line":3,"column":9},"end":{"line":3,"column":22}},"loc":{"start":{"line":3,"column":9},"end":{"line":3,"column":41}}}},"branchMap":{},"s":{"0":1,"1":2,"2":1,"3":2,"4":1,"5":2},"f":{"0":1,"1":1,"2":1},"b":{}}
,"/usr/src/app/src/resolvers/articleResolvers/mutations/remove.ts": {"path":"/usr/src/app/src/resolvers/articleResolvers/mutations/remove.ts","statementMap":{"0":{"start":{"line":1,"column":0},"end":{"line":1,"column":32}},"1":{"start":{"line":3,"column":0},"end":{"line":3,"column":68}},"2":{"start":{"line":5,"column":13},"end":{"line":24,"column":2}},"3":{"start":{"line":9,"column":4},"end":{"line":24,"column":2}},"4":{"start":{"line":10,"column":2},"end":{"line":23,"column":null}},"5":{"start":{"line":11,"column":24},"end":{"line":11,"column":67}},"6":{"start":{"line":13,"column":4},"end":{"line":13,"column":72}},"7":{"start":{"line":13,"column":46},"end":{"line":13,"column":72}},"8":{"start":{"line":15,"column":23},"end":{"line":17,"column":12}},"9":{"start":{"line":19,"column":4},"end":{"line":19,"column":47}},"10":{"start":{"line":21,"column":4},"end":{"line":21,"column":29}},"11":{"start":{"line":22,"column":4},"end":{"line":22,"column":26}}},"fnMap":{"0":{"name":"(anonymous_8)","decl":{"start":{"line":5,"column":69},"end":{"line":5,"column":null}},"loc":{"start":{"line":9,"column":4},"end":{"line":24,"column":2}}},"1":{"name":"(anonymous_9)","decl":{"start":{"line":9,"column":4},"end":{"line":9,"column":null}},"loc":{"start":{"line":9,"column":4},"end":{"line":24,"column":1}}}},"branchMap":{"0":{"loc":{"start":{"line":13,"column":4},"end":{"line":13,"column":72}},"type":"if","locations":[{"start":{"line":13,"column":4},"end":{"line":13,"column":72}},{"start":{"line":13,"column":4},"end":{"line":13,"column":72}}]}},"s":{"0":1,"1":1,"2":1,"3":0,"4":0,"5":0,"6":0,"7":0,"8":0,"9":0,"10":0,"11":0},"f":{"0":0,"1":0},"b":{"0":[0,0]}}
,"/usr/src/app/src/resolvers/articleResolvers/queries/allArticles.ts": {"path":"/usr/src/app/src/resolvers/articleResolvers/queries/allArticles.ts","statementMap":{"0":{"start":{"line":1,"column":0},"end":{"line":1,"column":32}},"1":{"start":{"line":4,"column":0},"end":{"line":4,"column":45}},"2":{"start":{"line":5,"column":0},"end":{"line":5,"column":48}},"3":{"start":{"line":7,"column":13},"end":{"line":27,"column":2}},"4":{"start":{"line":11,"column":4},"end":{"line":27,"column":2}},"5":{"start":{"line":12,"column":2},"end":{"line":26,"column":null}},"6":{"start":{"line":13,"column":50},"end":{"line":13,"column":62}},"7":{"start":{"line":15,"column":16},"end":{"line":15,"column":32}},"8":{"start":{"line":17,"column":4},"end":{"line":22,"column":7}},"9":{"start":{"line":24,"column":4},"end":{"line":24,"column":29}},"10":{"start":{"line":25,"column":4},"end":{"line":25,"column":26}}},"fnMap":{"0":{"name":"(anonymous_8)","decl":{"start":{"line":7,"column":62},"end":{"line":7,"column":null}},"loc":{"start":{"line":11,"column":4},"end":{"line":27,"column":2}}},"1":{"name":"(anonymous_9)","decl":{"start":{"line":11,"column":4},"end":{"line":11,"column":null}},"loc":{"start":{"line":11,"column":4},"end":{"line":27,"column":1}}}},"branchMap":{},"s":{"0":1,"1":1,"2":1,"3":1,"4":0,"5":0,"6":0,"7":0,"8":0,"9":0,"10":0},"f":{"0":0,"1":0},"b":{}}
,"/usr/src/app/src/resolvers/articleResolvers/queries/articleByID.ts": {"path":"/usr/src/app/src/resolvers/articleResolvers/queries/articleByID.ts","statementMap":{"0":{"start":{"line":1,"column":0},"end":{"line":1,"column":32}},"1":{"start":{"line":3,"column":0},"end":{"line":3,"column":48}},"2":{"start":{"line":5,"column":13},"end":{"line":17,"column":2}},"3":{"start":{"line":8,"column":4},"end":{"line":17,"column":2}},"4":{"start":{"line":9,"column":2},"end":{"line":16,"column":null}},"5":{"start":{"line":10,"column":4},"end":{"line":12,"column":15}},"6":{"start":{"line":14,"column":4},"end":{"line":14,"column":29}},"7":{"start":{"line":15,"column":4},"end":{"line":15,"column":26}}},"fnMap":{"0":{"name":"(anonymous_8)","decl":{"start":{"line":5,"column":62},"end":{"line":5,"column":null}},"loc":{"start":{"line":8,"column":4},"end":{"line":17,"column":2}}},"1":{"name":"(anonymous_9)","decl":{"start":{"line":8,"column":4},"end":{"line":8,"column":null}},"loc":{"start":{"line":8,"column":4},"end":{"line":17,"column":1}}}},"branchMap":{},"s":{"0":1,"1":1,"2":1,"3":0,"4":0,"5":0,"6":0,"7":0},"f":{"0":0,"1":0},"b":{}}
,"/usr/src/app/src/resolvers/articleResolvers/queries/findArticle.ts": {"path":"/usr/src/app/src/resolvers/articleResolvers/queries/findArticle.ts","statementMap":{"0":{"start":{"line":1,"column":0},"end":{"line":1,"column":32}},"1":{"start":{"line":5,"column":0},"end":{"line":5,"column":45}},"2":{"start":{"line":6,"column":0},"end":{"line":6,"column":48}},"3":{"start":{"line":9,"column":13},"end":{"line":49,"column":2}},"4":{"start":{"line":14,"column":4},"end":{"line":49,"column":2}},"5":{"start":{"line":15,"column":2},"end":{"line":48,"column":null}},"6":{"start":{"line":16,"column":46},"end":{"line":16,"column":54}},"7":{"start":{"line":17,"column":50},"end":{"line":17,"column":62}},"8":{"start":{"line":18,"column":46},"end":{"line":18,"column":48}},"9":{"start":{"line":19,"column":16},"end":{"line":19,"column":32}},"10":{"start":{"line":21,"column":4},"end":{"line":27,"column":null}},"11":{"start":{"line":22,"column":6},"end":{"line":26,"column":8}},"12":{"start":{"line":29,"column":4},"end":{"line":31,"column":null}},"13":{"start":{"line":30,"column":6},"end":{"line":30,"column":41}},"14":{"start":{"line":33,"column":4},"end":{"line":35,"column":null}},"15":{"start":{"line":34,"column":6},"end":{"line":34,"column":43}},"16":{"start":{"line":37,"column":4},"end":{"line":37,"column":29}},"17":{"start":{"line":39,"column":4},"end":{"line":44,"column":7}},"18":{"start":{"line":46,"column":4},"end":{"line":46,"column":29}},"19":{"start":{"line":47,"column":4},"end":{"line":47,"column":26}}},"fnMap":{"0":{"name":"(anonymous_8)","decl":{"start":{"line":9,"column":62},"end":{"line":9,"column":null}},"loc":{"start":{"line":14,"column":4},"end":{"line":49,"column":2}}},"1":{"name":"(anonymous_9)","decl":{"start":{"line":14,"column":4},"end":{"line":14,"column":null}},"loc":{"start":{"line":14,"column":4},"end":{"line":49,"column":1}}}},"branchMap":{"0":{"loc":{"start":{"line":21,"column":4},"end":{"line":27,"column":null}},"type":"if","locations":[{"start":{"line":21,"column":4},"end":{"line":27,"column":null}},{"start":{"line":21,"column":4},"end":{"line":27,"column":null}}]},"1":{"loc":{"start":{"line":29,"column":4},"end":{"line":31,"column":null}},"type":"if","locations":[{"start":{"line":29,"column":4},"end":{"line":31,"column":null}},{"start":{"line":29,"column":4},"end":{"line":31,"column":null}}]},"2":{"loc":{"start":{"line":33,"column":4},"end":{"line":35,"column":null}},"type":"if","locations":[{"start":{"line":33,"column":4},"end":{"line":35,"column":null}},{"start":{"line":33,"column":4},"end":{"line":35,"column":null}}]}},"s":{"0":1,"1":1,"2":1,"3":1,"4":0,"5":0,"6":0,"7":0,"8":0,"9":0,"10":0,"11":0,"12":0,"13":0,"14":0,"15":0,"16":0,"17":0,"18":0,"19":0},"f":{"0":0,"1":0},"b":{"0":[0,0],"1":[0,0],"2":[0,0]}}
,"/usr/src/app/src/resolvers/articleResolvers/queries/index.ts": {"path":"/usr/src/app/src/resolvers/articleResolvers/queries/index.ts","statementMap":{"0":{"start":{"line":1,"column":0},"end":{"line":1,"column":9}},"1":{"start":{"line":1,"column":9},"end":{"line":1,"column":44}},"2":{"start":{"line":2,"column":0},"end":{"line":2,"column":9}},"3":{"start":{"line":2,"column":9},"end":{"line":2,"column":44}},"4":{"start":{"line":3,"column":0},"end":{"line":3,"column":9}},"5":{"start":{"line":3,"column":9},"end":{"line":3,"column":44}},"6":{"start":{"line":4,"column":0},"end":{"line":4,"column":9}},"7":{"start":{"line":4,"column":9},"end":{"line":4,"column":42}}},"fnMap":{"0":{"name":"(anonymous_0)","decl":{"start":{"line":1,"column":9},"end":{"line":1,"column":20}},"loc":{"start":{"line":1,"column":9},"end":{"line":1,"column":44}}},"1":{"name":"(anonymous_1)","decl":{"start":{"line":2,"column":9},"end":{"line":2,"column":20}},"loc":{"start":{"line":2,"column":9},"end":{"line":2,"column":44}}},"2":{"name":"(anonymous_2)","decl":{"start":{"line":3,"column":9},"end":{"line":3,"column":20}},"loc":{"start":{"line":3,"column":9},"end":{"line":3,"column":44}}},"3":{"name":"(anonymous_3)","decl":{"start":{"line":4,"column":9},"end":{"line":4,"column":19}},"loc":{"start":{"line":4,"column":9},"end":{"line":4,"column":42}}}},"branchMap":{},"s":{"0":1,"1":2,"2":1,"3":2,"4":1,"5":2,"6":1,"7":2},"f":{"0":1,"1":1,"2":1,"3":1},"b":{}}
,"/usr/src/app/src/resolvers/articleResolvers/queries/publicFeed.ts": {"path":"/usr/src/app/src/resolvers/articleResolvers/queries/publicFeed.ts","statementMap":{"0":{"start":{"line":1,"column":0},"end":{"line":1,"column":32}},"1":{"start":{"line":4,"column":0},"end":{"line":4,"column":48}},"2":{"start":{"line":6,"column":13},"end":{"line":15,"column":2}},"3":{"start":{"line":6,"column":71},"end":{"line":15,"column":2}},"4":{"start":{"line":7,"column":2},"end":{"line":14,"column":null}},"5":{"start":{"line":8,"column":4},"end":{"line":10,"column":39}},"6":{"start":{"line":12,"column":4},"end":{"line":12,"column":29}},"7":{"start":{"line":13,"column":4},"end":{"line":13,"column":26}}},"fnMap":{"0":{"name":"(anonymous_8)","decl":{"start":{"line":6,"column":60},"end":{"line":6,"column":69}},"loc":{"start":{"line":6,"column":71},"end":{"line":15,"column":2}}},"1":{"name":"(anonymous_9)","decl":{"start":{"line":6,"column":71},"end":{"line":6,"column":null}},"loc":{"start":{"line":6,"column":71},"end":{"line":15,"column":1}}}},"branchMap":{},"s":{"0":1,"1":1,"2":1,"3":0,"4":0,"5":0,"6":0,"7":0},"f":{"0":0,"1":0},"b":{}}
,"/usr/src/app/src/resolvers/userResolvers/index.ts": {"path":"/usr/src/app/src/resolvers/userResolvers/index.ts","statementMap":{"0":{"start":{"line":1,"column":0},"end":{"line":1,"column":50}},"1":{"start":{"line":2,"column":0},"end":{"line":2,"column":46}}},"fnMap":{},"branchMap":{},"s":{"0":1,"1":1},"f":{},"b":{}}
,"/usr/src/app/src/resolvers/userResolvers/mutations/delete.ts": {"path":"/usr/src/app/src/resolvers/userResolvers/mutations/delete.ts","statementMap":{"0":{"start":{"line":1,"column":0},"end":{"line":1,"column":32}},"1":{"start":{"line":3,"column":0},"end":{"line":3,"column":68}},"2":{"start":{"line":5,"column":13},"end":{"line":24,"column":2}},"3":{"start":{"line":9,"column":4},"end":{"line":24,"column":2}},"4":{"start":{"line":10,"column":2},"end":{"line":23,"column":null}},"5":{"start":{"line":11,"column":4},"end":{"line":11,"column":75}},"6":{"start":{"line":11,"column":49},"end":{"line":11,"column":75}},"7":{"start":{"line":12,"column":4},"end":{"line":12,"column":17}},"8":{"start":{"line":13,"column":4},"end":{"line":19,"column":6}},"9":{"start":{"line":21,"column":4},"end":{"line":21,"column":29}},"10":{"start":{"line":22,"column":4},"end":{"line":22,"column":26}}},"fnMap":{"0":{"name":"(anonymous_8)","decl":{"start":{"line":5,"column":61},"end":{"line":5,"column":null}},"loc":{"start":{"line":9,"column":4},"end":{"line":24,"column":2}}},"1":{"name":"(anonymous_9)","decl":{"start":{"line":9,"column":4},"end":{"line":9,"column":null}},"loc":{"start":{"line":9,"column":4},"end":{"line":24,"column":1}}}},"branchMap":{"0":{"loc":{"start":{"line":11,"column":4},"end":{"line":11,"column":75}},"type":"if","locations":[{"start":{"line":11,"column":4},"end":{"line":11,"column":75}},{"start":{"line":11,"column":4},"end":{"line":11,"column":75}}]},"1":{"loc":{"start":{"line":11,"column":8},"end":{"line":11,"column":26}},"type":"binary-expr","locations":[{"start":{"line":11,"column":8},"end":{"line":11,"column":26}},{"start":{"line":11,"column":30},"end":{"line":11,"column":47}}]}},"s":{"0":1,"1":1,"2":1,"3":0,"4":0,"5":0,"6":0,"7":0,"8":0,"9":0,"10":0},"f":{"0":0,"1":0},"b":{"0":[0,0],"1":[0,0]}}
,"/usr/src/app/src/resolvers/userResolvers/mutations/index.ts": {"path":"/usr/src/app/src/resolvers/userResolvers/mutations/index.ts","statementMap":{"0":{"start":{"line":1,"column":0},"end":{"line":1,"column":9}},"1":{"start":{"line":1,"column":9},"end":{"line":1,"column":32}},"2":{"start":{"line":2,"column":0},"end":{"line":2,"column":9}},"3":{"start":{"line":2,"column":9},"end":{"line":2,"column":38}},"4":{"start":{"line":3,"column":0},"end":{"line":3,"column":9}},"5":{"start":{"line":3,"column":9},"end":{"line":3,"column":37}},"6":{"start":{"line":4,"column":0},"end":{"line":4,"column":9}},"7":{"start":{"line":4,"column":9},"end":{"line":4,"column":37}},"8":{"start":{"line":5,"column":0},"end":{"line":5,"column":9}},"9":{"start":{"line":5,"column":9},"end":{"line":5,"column":34}}},"fnMap":{"0":{"name":"(anonymous_0)","decl":{"start":{"line":1,"column":9},"end":{"line":1,"column":14}},"loc":{"start":{"line":1,"column":9},"end":{"line":1,"column":32}}},"1":{"name":"(anonymous_1)","decl":{"start":{"line":2,"column":9},"end":{"line":2,"column":17}},"loc":{"start":{"line":2,"column":9},"end":{"line":2,"column":38}}},"2":{"name":"(anonymous_2)","decl":{"start":{"line":3,"column":9},"end":{"line":3,"column":18}},"loc":{"start":{"line":3,"column":9},"end":{"line":3,"column":37}}},"3":{"name":"(anonymous_3)","decl":{"start":{"line":4,"column":9},"end":{"line":4,"column":18}},"loc":{"start":{"line":4,"column":9},"end":{"line":4,"column":37}}},"4":{"name":"(anonymous_4)","decl":{"start":{"line":5,"column":9},"end":{"line":5,"column":15}},"loc":{"start":{"line":5,"column":9},"end":{"line":5,"column":34}}}},"branchMap":{},"s":{"0":1,"1":2,"2":1,"3":2,"4":1,"5":2,"6":1,"7":2,"8":1,"9":2},"f":{"0":1,"1":1,"2":1,"3":1,"4":1},"b":{}}
,"/usr/src/app/src/resolvers/userResolvers/mutations/login.ts": {"path":"/usr/src/app/src/resolvers/userResolvers/mutations/login.ts","statementMap":{"0":{"start":{"line":1,"column":0},"end":{"line":1,"column":37}},"1":{"start":{"line":2,"column":0},"end":{"line":2,"column":62}},"2":{"start":{"line":4,"column":0},"end":{"line":4,"column":32}},"3":{"start":{"line":5,"column":0},"end":{"line":5,"column":35}},"4":{"start":{"line":7,"column":13},"end":{"line":34,"column":2}},"5":{"start":{"line":11,"column":4},"end":{"line":34,"column":2}},"6":{"start":{"line":12,"column":30},"end":{"line":12,"column":35}},"7":{"start":{"line":14,"column":2},"end":{"line":33,"column":null}},"8":{"start":{"line":15,"column":22},"end":{"line":15,"column":68}},"9":{"start":{"line":17,"column":4},"end":{"line":28,"column":null}},"10":{"start":{"line":18,"column":6},"end":{"line":18,"column":19}},"11":{"start":{"line":20,"column":28},"end":{"line":22,"column":null}},"12":{"start":{"line":25,"column":6},"end":{"line":27,"column":null}},"13":{"start":{"line":26,"column":8},"end":{"line":26,"column":38}},"14":{"start":{"line":29,"column":4},"end":{"line":29,"column":37}},"15":{"start":{"line":31,"column":4},"end":{"line":31,"column":29}},"16":{"start":{"line":32,"column":4},"end":{"line":32,"column":26}}},"fnMap":{"0":{"name":"(anonymous_8)","decl":{"start":{"line":7,"column":53},"end":{"line":7,"column":null}},"loc":{"start":{"line":11,"column":4},"end":{"line":34,"column":2}}},"1":{"name":"(anonymous_9)","decl":{"start":{"line":11,"column":4},"end":{"line":11,"column":null}},"loc":{"start":{"line":11,"column":4},"end":{"line":34,"column":1}}}},"branchMap":{"0":{"loc":{"start":{"line":17,"column":4},"end":{"line":28,"column":null}},"type":"if","locations":[{"start":{"line":17,"column":4},"end":{"line":28,"column":null}},{"start":{"line":17,"column":4},"end":{"line":28,"column":null}}]},"1":{"loc":{"start":{"line":25,"column":6},"end":{"line":27,"column":null}},"type":"if","locations":[{"start":{"line":25,"column":6},"end":{"line":27,"column":null}},{"start":{"line":25,"column":6},"end":{"line":27,"column":null}}]}},"s":{"0":1,"1":1,"2":1,"3":1,"4":1,"5":2,"6":2,"7":2,"8":2,"9":2,"10":2,"11":2,"12":2,"13":1,"14":1,"15":0,"16":0},"f":{"0":2,"1":2},"b":{"0":[2,0],"1":[1,1]}}
,"/usr/src/app/src/resolvers/userResolvers/mutations/logout.ts": {"path":"/usr/src/app/src/resolvers/userResolvers/mutations/logout.ts","statementMap":{"0":{"start":{"line":3,"column":13},"end":{"line":16,"column":2}},"1":{"start":{"line":7,"column":4},"end":{"line":16,"column":2}},"2":{"start":{"line":8,"column":2},"end":{"line":15,"column":null}},"3":{"start":{"line":9,"column":4},"end":{"line":9,"column":26}},"4":{"start":{"line":10,"column":4},"end":{"line":10,"column":17}},"5":{"start":{"line":11,"column":4},"end":{"line":11,"column":27}},"6":{"start":{"line":12,"column":4},"end":{"line":12,"column":16}},"7":{"start":{"line":14,"column":4},"end":{"line":14,"column":27}}},"fnMap":{"0":{"name":"(anonymous_7)","decl":{"start":{"line":3,"column":55},"end":{"line":3,"column":null}},"loc":{"start":{"line":7,"column":4},"end":{"line":16,"column":2}}},"1":{"name":"(anonymous_8)","decl":{"start":{"line":7,"column":4},"end":{"line":7,"column":null}},"loc":{"start":{"line":7,"column":4},"end":{"line":16,"column":1}}}},"branchMap":{},"s":{"0":1,"1":1,"2":1,"3":1,"4":1,"5":1,"6":1,"7":0},"f":{"0":1,"1":1},"b":{}}
,"/usr/src/app/src/resolvers/userResolvers/mutations/register.ts": {"path":"/usr/src/app/src/resolvers/userResolvers/mutations/register.ts","statementMap":{"0":{"start":{"line":1,"column":0},"end":{"line":1,"column":37}},"1":{"start":{"line":2,"column":0},"end":{"line":2,"column":36}},"2":{"start":{"line":3,"column":0},"end":{"line":3,"column":55}},"3":{"start":{"line":4,"column":0},"end":{"line":4,"column":78}},"4":{"start":{"line":6,"column":0},"end":{"line":6,"column":36}},"5":{"start":{"line":7,"column":0},"end":{"line":7,"column":32}},"6":{"start":{"line":9,"column":13},"end":{"line":40,"column":2}},"7":{"start":{"line":13,"column":4},"end":{"line":40,"column":2}},"8":{"start":{"line":14,"column":19},"end":{"line":16,"column":13}},"9":{"start":{"line":17,"column":2},"end":{"line":17,"column":50}},"10":{"start":{"line":17,"column":16},"end":{"line":17,"column":50}},"11":{"start":{"line":19,"column":32},"end":{"line":19,"column":53}},"12":{"start":{"line":20,"column":2},"end":{"line":20,"column":47}},"13":{"start":{"line":20,"column":16},"end":{"line":20,"column":47}},"14":{"start":{"line":22,"column":2},"end":{"line":39,"column":null}},"15":{"start":{"line":23,"column":20},"end":{"line":33,"column":38}},"16":{"start":{"line":35,"column":4},"end":{"line":35,"column":35}},"17":{"start":{"line":37,"column":4},"end":{"line":37,"column":29}},"18":{"start":{"line":38,"column":4},"end":{"line":38,"column":26}}},"fnMap":{"0":{"name":"(anonymous_8)","decl":{"start":{"line":9,"column":59},"end":{"line":9,"column":null}},"loc":{"start":{"line":13,"column":4},"end":{"line":40,"column":2}}},"1":{"name":"(anonymous_9)","decl":{"start":{"line":13,"column":4},"end":{"line":13,"column":null}},"loc":{"start":{"line":13,"column":4},"end":{"line":40,"column":1}}}},"branchMap":{"0":{"loc":{"start":{"line":17,"column":2},"end":{"line":17,"column":50}},"type":"if","locations":[{"start":{"line":17,"column":2},"end":{"line":17,"column":50}},{"start":{"line":17,"column":2},"end":{"line":17,"column":50}}]},"1":{"loc":{"start":{"line":20,"column":2},"end":{"line":20,"column":47}},"type":"if","locations":[{"start":{"line":20,"column":2},"end":{"line":20,"column":47}},{"start":{"line":20,"column":2},"end":{"line":20,"column":47}}]}},"s":{"0":1,"1":1,"2":1,"3":1,"4":1,"5":1,"6":1,"7":2,"8":2,"9":2,"10":0,"11":2,"12":2,"13":1,"14":1,"15":1,"16":1,"17":0,"18":0},"f":{"0":2,"1":2},"b":{"0":[0,2],"1":[1,1]}}
,"/usr/src/app/src/resolvers/userResolvers/mutations/update.ts": {"path":"/usr/src/app/src/resolvers/userResolvers/mutations/update.ts","statementMap":{"0":{"start":{"line":2,"column":0},"end":{"line":2,"column":32}},"1":{"start":{"line":3,"column":0},"end":{"line":3,"column":45}},"2":{"start":{"line":4,"column":0},"end":{"line":4,"column":57}},"3":{"start":{"line":5,"column":0},"end":{"line":5,"column":null}},"4":{"start":{"line":12,"column":13},"end":{"line":54,"column":2}},"5":{"start":{"line":16,"column":4},"end":{"line":54,"column":2}},"6":{"start":{"line":17,"column":33},"end":{"line":17,"column":38}},"7":{"start":{"line":18,"column":56},"end":{"line":18,"column":64}},"8":{"start":{"line":20,"column":2},"end":{"line":53,"column":null}},"9":{"start":{"line":22,"column":22},"end":{"line":22,"column":71}},"10":{"start":{"line":24,"column":4},"end":{"line":26,"column":null}},"11":{"start":{"line":25,"column":6},"end":{"line":25,"column":42}},"12":{"start":{"line":28,"column":4},"end":{"line":30,"column":null}},"13":{"start":{"line":29,"column":6},"end":{"line":29,"column":36}},"14":{"start":{"line":32,"column":4},"end":{"line":39,"column":null}},"15":{"start":{"line":33,"column":6},"end":{"line":33,"column":68}},"16":{"start":{"line":33,"column":41},"end":{"line":33,"column":68}},"17":{"start":{"line":35,"column":6},"end":{"line":37,"column":null}},"18":{"start":{"line":36,"column":8},"end":{"line":36,"column":48}},"19":{"start":{"line":38,"column":6},"end":{"line":38,"column":62}},"20":{"start":{"line":42,"column":4},"end":{"line":48,"column":39}},"21":{"start":{"line":49,"column":4},"end":{"line":49,"column":41}},"22":{"start":{"line":51,"column":4},"end":{"line":51,"column":29}},"23":{"start":{"line":52,"column":4},"end":{"line":52,"column":26}}},"fnMap":{"0":{"name":"(anonymous_8)","decl":{"start":{"line":12,"column":61},"end":{"line":12,"column":null}},"loc":{"start":{"line":16,"column":4},"end":{"line":54,"column":2}}},"1":{"name":"(anonymous_9)","decl":{"start":{"line":16,"column":4},"end":{"line":16,"column":null}},"loc":{"start":{"line":16,"column":4},"end":{"line":54,"column":1}}}},"branchMap":{"0":{"loc":{"start":{"line":24,"column":4},"end":{"line":26,"column":null}},"type":"if","locations":[{"start":{"line":24,"column":4},"end":{"line":26,"column":null}},{"start":{"line":24,"column":4},"end":{"line":26,"column":null}}]},"1":{"loc":{"start":{"line":28,"column":4},"end":{"line":30,"column":null}},"type":"if","locations":[{"start":{"line":28,"column":4},"end":{"line":30,"column":null}},{"start":{"line":28,"column":4},"end":{"line":30,"column":null}}]},"2":{"loc":{"start":{"line":32,"column":4},"end":{"line":39,"column":null}},"type":"if","locations":[{"start":{"line":32,"column":4},"end":{"line":39,"column":null}},{"start":{"line":32,"column":4},"end":{"line":39,"column":null}}]},"3":{"loc":{"start":{"line":33,"column":6},"end":{"line":33,"column":68}},"type":"if","locations":[{"start":{"line":33,"column":6},"end":{"line":33,"column":68}},{"start":{"line":33,"column":6},"end":{"line":33,"column":68}}]},"4":{"loc":{"start":{"line":35,"column":6},"end":{"line":37,"column":null}},"type":"if","locations":[{"start":{"line":35,"column":6},"end":{"line":37,"column":null}},{"start":{"line":35,"column":6},"end":{"line":37,"column":null}}]}},"s":{"0":1,"1":1,"2":1,"3":1,"4":1,"5":2,"6":2,"7":2,"8":2,"9":2,"10":2,"11":1,"12":1,"13":1,"14":1,"15":0,"16":0,"17":0,"18":0,"19":0,"20":1,"21":1,"22":0,"23":0},"f":{"0":2,"1":2},"b":{"0":[1,1],"1":[1,0],"2":[0,1],"3":[0,0],"4":[0,0]}}
,"/usr/src/app/src/resolvers/userResolvers/queries/allUsers.ts": {"path":"/usr/src/app/src/resolvers/userResolvers/queries/allUsers.ts","statementMap":{"0":{"start":{"line":1,"column":0},"end":{"line":1,"column":32}},"1":{"start":{"line":4,"column":0},"end":{"line":4,"column":48}},"2":{"start":{"line":6,"column":13},"end":{"line":13,"column":2}},"3":{"start":{"line":6,"column":67},"end":{"line":13,"column":2}},"4":{"start":{"line":7,"column":2},"end":{"line":12,"column":null}},"5":{"start":{"line":8,"column":4},"end":{"line":8,"column":63}},"6":{"start":{"line":10,"column":4},"end":{"line":10,"column":29}},"7":{"start":{"line":11,"column":4},"end":{"line":11,"column":26}}},"fnMap":{"0":{"name":"(anonymous_8)","decl":{"start":{"line":6,"column":56},"end":{"line":6,"column":65}},"loc":{"start":{"line":6,"column":67},"end":{"line":13,"column":2}}},"1":{"name":"(anonymous_9)","decl":{"start":{"line":6,"column":67},"end":{"line":6,"column":null}},"loc":{"start":{"line":6,"column":67},"end":{"line":13,"column":1}}}},"branchMap":{},"s":{"0":1,"1":1,"2":1,"3":1,"4":1,"5":1,"6":0,"7":0},"f":{"0":1,"1":1},"b":{}}
,"/usr/src/app/src/resolvers/userResolvers/queries/findUser.ts": {"path":"/usr/src/app/src/resolvers/userResolvers/queries/findUser.ts","statementMap":{"0":{"start":{"line":1,"column":0},"end":{"line":1,"column":32}},"1":{"start":{"line":3,"column":0},"end":{"line":3,"column":48}},"2":{"start":{"line":6,"column":13},"end":{"line":24,"column":2}},"3":{"start":{"line":9,"column":4},"end":{"line":24,"column":2}},"4":{"start":{"line":10,"column":2},"end":{"line":23,"column":null}},"5":{"start":{"line":11,"column":53},"end":{"line":11,"column":58}},"6":{"start":{"line":12,"column":46},"end":{"line":12,"column":48}},"7":{"start":{"line":14,"column":4},"end":{"line":14,"column":44}},"8":{"start":{"line":14,"column":15},"end":{"line":14,"column":44}},"9":{"start":{"line":15,"column":4},"end":{"line":15,"column":53}},"10":{"start":{"line":15,"column":18},"end":{"line":15,"column":53}},"11":{"start":{"line":16,"column":4},"end":{"line":16,"column":53}},"12":{"start":{"line":16,"column":18},"end":{"line":16,"column":53}},"13":{"start":{"line":17,"column":4},"end":{"line":17,"column":56}},"14":{"start":{"line":17,"column":19},"end":{"line":17,"column":56}},"15":{"start":{"line":19,"column":4},"end":{"line":19,"column":50}},"16":{"start":{"line":21,"column":4},"end":{"line":21,"column":29}},"17":{"start":{"line":22,"column":4},"end":{"line":22,"column":26}}},"fnMap":{"0":{"name":"(anonymous_8)","decl":{"start":{"line":6,"column":56},"end":{"line":6,"column":null}},"loc":{"start":{"line":9,"column":4},"end":{"line":24,"column":2}}},"1":{"name":"(anonymous_9)","decl":{"start":{"line":9,"column":4},"end":{"line":9,"column":null}},"loc":{"start":{"line":9,"column":4},"end":{"line":24,"column":1}}}},"branchMap":{"0":{"loc":{"start":{"line":14,"column":4},"end":{"line":14,"column":44}},"type":"if","locations":[{"start":{"line":14,"column":4},"end":{"line":14,"column":44}},{"start":{"line":14,"column":4},"end":{"line":14,"column":44}}]},"1":{"loc":{"start":{"line":15,"column":4},"end":{"line":15,"column":53}},"type":"if","locations":[{"start":{"line":15,"column":4},"end":{"line":15,"column":53}},{"start":{"line":15,"column":4},"end":{"line":15,"column":53}}]},"2":{"loc":{"start":{"line":16,"column":4},"end":{"line":16,"column":53}},"type":"if","locations":[{"start":{"line":16,"column":4},"end":{"line":16,"column":53}},{"start":{"line":16,"column":4},"end":{"line":16,"column":53}}]},"3":{"loc":{"start":{"line":17,"column":4},"end":{"line":17,"column":56}},"type":"if","locations":[{"start":{"line":17,"column":4},"end":{"line":17,"column":56}},{"start":{"line":17,"column":4},"end":{"line":17,"column":56}}]}},"s":{"0":1,"1":1,"2":1,"3":2,"4":2,"5":2,"6":2,"7":2,"8":1,"9":2,"10":1,"11":2,"12":0,"13":2,"14":0,"15":2,"16":0,"17":0},"f":{"0":2,"1":2},"b":{"0":[1,1],"1":[1,1],"2":[0,2],"3":[0,2]}}
,"/usr/src/app/src/resolvers/userResolvers/queries/index.ts": {"path":"/usr/src/app/src/resolvers/userResolvers/queries/index.ts","statementMap":{"0":{"start":{"line":1,"column":0},"end":{"line":1,"column":9}},"1":{"start":{"line":1,"column":9},"end":{"line":1,"column":54}},"2":{"start":{"line":2,"column":0},"end":{"line":2,"column":9}},"3":{"start":{"line":2,"column":9},"end":{"line":2,"column":38}},"4":{"start":{"line":3,"column":0},"end":{"line":3,"column":9}},"5":{"start":{"line":3,"column":9},"end":{"line":3,"column":38}},"6":{"start":{"line":4,"column":0},"end":{"line":4,"column":9}},"7":{"start":{"line":4,"column":9},"end":{"line":4,"column":38}},"8":{"start":{"line":5,"column":0},"end":{"line":5,"column":9}},"9":{"start":{"line":5,"column":9},"end":{"line":5,"column":38}},"10":{"start":{"line":6,"column":0},"end":{"line":6,"column":9}},"11":{"start":{"line":6,"column":9},"end":{"line":6,"column":26}}},"fnMap":{"0":{"name":"(anonymous_0)","decl":{"start":{"line":1,"column":9},"end":{"line":1,"column":25}},"loc":{"start":{"line":1,"column":9},"end":{"line":1,"column":54}}},"1":{"name":"(anonymous_1)","decl":{"start":{"line":2,"column":9},"end":{"line":2,"column":17}},"loc":{"start":{"line":2,"column":9},"end":{"line":2,"column":38}}},"2":{"name":"(anonymous_2)","decl":{"start":{"line":3,"column":9},"end":{"line":3,"column":17}},"loc":{"start":{"line":3,"column":9},"end":{"line":3,"column":38}}},"3":{"name":"(anonymous_3)","decl":{"start":{"line":4,"column":9},"end":{"line":4,"column":17}},"loc":{"start":{"line":4,"column":9},"end":{"line":4,"column":38}}},"4":{"name":"(anonymous_4)","decl":{"start":{"line":5,"column":9},"end":{"line":5,"column":17}},"loc":{"start":{"line":5,"column":9},"end":{"line":5,"column":38}}},"5":{"name":"(anonymous_5)","decl":{"start":{"line":6,"column":9},"end":{"line":6,"column":11}},"loc":{"start":{"line":6,"column":9},"end":{"line":6,"column":26}}}},"branchMap":{},"s":{"0":1,"1":2,"2":1,"3":2,"4":1,"5":2,"6":1,"7":2,"8":1,"9":2,"10":1,"11":2},"f":{"0":1,"1":1,"2":1,"3":1,"4":1,"5":1},"b":{}}
,"/usr/src/app/src/resolvers/userResolvers/queries/isUserRegistered.ts": {"path":"/usr/src/app/src/resolvers/userResolvers/queries/isUserRegistered.ts","statementMap":{"0":{"start":{"line":1,"column":0},"end":{"line":1,"column":32}},"1":{"start":{"line":3,"column":0},"end":{"line":3,"column":48}},"2":{"start":{"line":5,"column":13},"end":{"line":15,"column":2}},"3":{"start":{"line":8,"column":4},"end":{"line":15,"column":2}},"4":{"start":{"line":9,"column":2},"end":{"line":14,"column":null}},"5":{"start":{"line":10,"column":4},"end":{"line":10,"column":64}},"6":{"start":{"line":12,"column":4},"end":{"line":12,"column":29}},"7":{"start":{"line":13,"column":4},"end":{"line":13,"column":26}}},"fnMap":{"0":{"name":"(anonymous_8)","decl":{"start":{"line":5,"column":72},"end":{"line":5,"column":null}},"loc":{"start":{"line":8,"column":4},"end":{"line":15,"column":2}}},"1":{"name":"(anonymous_9)","decl":{"start":{"line":8,"column":4},"end":{"line":8,"column":null}},"loc":{"start":{"line":8,"column":4},"end":{"line":15,"column":1}}}},"branchMap":{},"s":{"0":1,"1":1,"2":1,"3":2,"4":2,"5":2,"6":0,"7":0},"f":{"0":2,"1":2},"b":{}}
,"/usr/src/app/src/resolvers/userResolvers/queries/me.ts": {"path":"/usr/src/app/src/resolvers/userResolvers/queries/me.ts","statementMap":{"0":{"start":{"line":2,"column":0},"end":{"line":2,"column":32}},"1":{"start":{"line":3,"column":0},"end":{"line":3,"column":48}},"2":{"start":{"line":5,"column":13},"end":{"line":20,"column":2}},"3":{"start":{"line":13,"column":4},"end":{"line":20,"column":2}},"4":{"start":{"line":14,"column":2},"end":{"line":19,"column":null}},"5":{"start":{"line":15,"column":4},"end":{"line":15,"column":52}},"6":{"start":{"line":17,"column":4},"end":{"line":17,"column":29}},"7":{"start":{"line":18,"column":4},"end":{"line":18,"column":26}}},"fnMap":{"0":{"name":"(anonymous_8)","decl":{"start":{"line":5,"column":44},"end":{"line":5,"column":null}},"loc":{"start":{"line":13,"column":4},"end":{"line":20,"column":2}}},"1":{"name":"(anonymous_9)","decl":{"start":{"line":13,"column":4},"end":{"line":13,"column":null}},"loc":{"start":{"line":13,"column":4},"end":{"line":20,"column":1}}}},"branchMap":{},"s":{"0":1,"1":1,"2":1,"3":2,"4":2,"5":2,"6":0,"7":0},"f":{"0":2,"1":2},"b":{}}
,"/usr/src/app/src/resolvers/userResolvers/queries/userById.ts": {"path":"/usr/src/app/src/resolvers/userResolvers/queries/userById.ts","statementMap":{"0":{"start":{"line":1,"column":0},"end":{"line":1,"column":32}},"1":{"start":{"line":3,"column":0},"end":{"line":3,"column":48}},"2":{"start":{"line":5,"column":13},"end":{"line":12,"column":2}},"3":{"start":{"line":5,"column":76},"end":{"line":12,"column":2}},"4":{"start":{"line":6,"column":2},"end":{"line":11,"column":null}},"5":{"start":{"line":7,"column":4},"end":{"line":7,"column":52}},"6":{"start":{"line":9,"column":4},"end":{"line":9,"column":29}},"7":{"start":{"line":10,"column":4},"end":{"line":10,"column":26}}},"fnMap":{"0":{"name":"(anonymous_8)","decl":{"start":{"line":5,"column":56},"end":{"line":5,"column":63}},"loc":{"start":{"line":5,"column":76},"end":{"line":12,"column":2}}},"1":{"name":"(anonymous_9)","decl":{"start":{"line":5,"column":76},"end":{"line":5,"column":null}},"loc":{"start":{"line":5,"column":76},"end":{"line":12,"column":1}}}},"branchMap":{},"s":{"0":1,"1":1,"2":1,"3":1,"4":1,"5":1,"6":0,"7":0},"f":{"0":1,"1":1},"b":{}}
,"/usr/src/app/src/resolvers/userResolvers/queries/userFeed.ts": {"path":"/usr/src/app/src/resolvers/userResolvers/queries/userFeed.ts","statementMap":{"0":{"start":{"line":1,"column":0},"end":{"line":1,"column":24}},"1":{"start":{"line":3,"column":0},"end":{"line":3,"column":48}},"2":{"start":{"line":6,"column":13},"end":{"line":13,"column":2}},"3":{"start":{"line":6,"column":67},"end":{"line":13,"column":2}},"4":{"start":{"line":7,"column":2},"end":{"line":12,"column":null}},"5":{"start":{"line":8,"column":4},"end":{"line":8,"column":57}},"6":{"start":{"line":10,"column":4},"end":{"line":10,"column":29}},"7":{"start":{"line":11,"column":4},"end":{"line":11,"column":26}}},"fnMap":{"0":{"name":"(anonymous_8)","decl":{"start":{"line":6,"column":56},"end":{"line":6,"column":65}},"loc":{"start":{"line":6,"column":67},"end":{"line":13,"column":2}}},"1":{"name":"(anonymous_9)","decl":{"start":{"line":6,"column":67},"end":{"line":6,"column":null}},"loc":{"start":{"line":6,"column":67},"end":{"line":13,"column":1}}}},"branchMap":{},"s":{"0":1,"1":1,"2":1,"3":0,"4":0,"5":0,"6":0,"7":0},"f":{"0":0,"1":0},"b":{}}
,"/usr/src/app/src/utils/auth.ts": {"path":"/usr/src/app/src/utils/auth.ts","statementMap":{"0":{"start":{"line":3,"column":0},"end":{"line":3,"column":46}},"1":{"start":{"line":6,"column":13},"end":{"line":17,"column":2}},"2":{"start":{"line":7,"column":2},"end":{"line":11,"column":5}},"3":{"start":{"line":8,"column":4},"end":{"line":10,"column":null}},"4":{"start":{"line":9,"column":6},"end":{"line":9,"column":38}},"5":{"start":{"line":13,"column":2},"end":{"line":16,"column":4}}},"fnMap":{"0":{"name":"(anonymous_0)","decl":{"start":{"line":6,"column":22},"end":{"line":6,"column":23}},"loc":{"start":{"line":6,"column":73},"end":{"line":17,"column":1}}},"1":{"name":"(anonymous_1)","decl":{"start":{"line":7,"column":18},"end":{"line":7,"column":19}},"loc":{"start":{"line":7,"column":33},"end":{"line":11,"column":3}}}},"branchMap":{"0":{"loc":{"start":{"line":8,"column":4},"end":{"line":10,"column":null}},"type":"if","locations":[{"start":{"line":8,"column":4},"end":{"line":10,"column":null}},{"start":{"line":8,"column":4},"end":{"line":10,"column":null}}]}},"s":{"0":1,"1":1,"2":2,"3":0,"4":0,"5":2},"f":{"0":2,"1":0},"b":{"0":[0,0]}}
,"/usr/src/app/src/utils/getArticles.ts": {"path":"/usr/src/app/src/utils/getArticles.ts","statementMap":{"0":{"start":{"line":1,"column":0},"end":{"line":1,"column":52}},"1":{"start":{"line":2,"column":0},"end":{"line":2,"column":33}},"2":{"start":{"line":5,"column":13},"end":{"line":15,"column":2}},"3":{"start":{"line":5,"column":47},"end":{"line":15,"column":2}},"4":{"start":{"line":6,"column":14},"end":{"line":6,"column":24}},"5":{"start":{"line":8,"column":2},"end":{"line":12,"column":null}},"6":{"start":{"line":9,"column":4},"end":{"line":9,"column":52}},"7":{"start":{"line":11,"column":4},"end":{"line":11,"column":36}},"8":{"start":{"line":14,"column":2},"end":{"line":14,"column":35}}},"fnMap":{"0":{"name":"(anonymous_7)","decl":{"start":{"line":5,"column":26},"end":{"line":5,"column":33}},"loc":{"start":{"line":5,"column":47},"end":{"line":15,"column":2}}},"1":{"name":"(anonymous_8)","decl":{"start":{"line":5,"column":47},"end":{"line":5,"column":null}},"loc":{"start":{"line":5,"column":47},"end":{"line":15,"column":1}}}},"branchMap":{"0":{"loc":{"start":{"line":8,"column":2},"end":{"line":12,"column":null}},"type":"if","locations":[{"start":{"line":8,"column":2},"end":{"line":12,"column":null}},{"start":{"line":8,"column":2},"end":{"line":12,"column":null}}]}},"s":{"0":1,"1":1,"2":1,"3":0,"4":0,"5":0,"6":0,"7":0,"8":0},"f":{"0":0,"1":0},"b":{"0":[0,0]}}
,"/usr/src/app/src/utils/isAccountValid.ts": {"path":"/usr/src/app/src/utils/isAccountValid.ts","statementMap":{"0":{"start":{"line":1,"column":0},"end":{"line":1,"column":52}},"1":{"start":{"line":2,"column":0},"end":{"line":2,"column":48}},"2":{"start":{"line":3,"column":0},"end":{"line":3,"column":34}},"3":{"start":{"line":5,"column":20},"end":{"line":5,"column":29}},"4":{"start":{"line":7,"column":13},"end":{"line":19,"column":2}},"5":{"start":{"line":8,"column":40},"end":{"line":8,"column":44}},"6":{"start":{"line":9,"column":19},"end":{"line":9,"column":21}},"7":{"start":{"line":11,"column":2},"end":{"line":11,"column":73}},"8":{"start":{"line":11,"column":34},"end":{"line":11,"column":73}},"9":{"start":{"line":12,"column":2},"end":{"line":12,"column":69}},"10":{"start":{"line":12,"column":34},"end":{"line":12,"column":69}},"11":{"start":{"line":13,"column":2},"end":{"line":13,"column":59}},"12":{"start":{"line":13,"column":23},"end":{"line":13,"column":59}},"13":{"start":{"line":15,"column":2},"end":{"line":18,"column":4}}},"fnMap":{"0":{"name":"(anonymous_1)","decl":{"start":{"line":7,"column":30},"end":{"line":7,"column":31}},"loc":{"start":{"line":7,"column":58},"end":{"line":19,"column":1}}}},"branchMap":{"0":{"loc":{"start":{"line":11,"column":2},"end":{"line":11,"column":73}},"type":"if","locations":[{"start":{"line":11,"column":2},"end":{"line":11,"column":73}},{"start":{"line":11,"column":2},"end":{"line":11,"column":73}}]},"1":{"loc":{"start":{"line":12,"column":2},"end":{"line":12,"column":69}},"type":"if","locations":[{"start":{"line":12,"column":2},"end":{"line":12,"column":69}},{"start":{"line":12,"column":2},"end":{"line":12,"column":69}}]},"2":{"loc":{"start":{"line":13,"column":2},"end":{"line":13,"column":59}},"type":"if","locations":[{"start":{"line":13,"column":2},"end":{"line":13,"column":59}},{"start":{"line":13,"column":2},"end":{"line":13,"column":59}}]}},"s":{"0":1,"1":1,"2":1,"3":1,"4":1,"5":2,"6":2,"7":2,"8":1,"9":2,"10":1,"11":2,"12":1,"13":2},"f":{"0":2},"b":{"0":[1,1],"1":[1,1],"2":[1,1]}}
,"/usr/src/app/src/utils/isNameValid.ts": {"path":"/usr/src/app/src/utils/isNameValid.ts","statementMap":{"0":{"start":{"line":1,"column":0},"end":{"line":1,"column":34}},"1":{"start":{"line":2,"column":20},"end":{"line":2,"column":29}},"2":{"start":{"line":4,"column":13},"end":{"line":10,"column":2}},"3":{"start":{"line":6,"column":2},"end":{"line":8,"column":null}},"4":{"start":{"line":7,"column":4},"end":{"line":7,"column":17}},"5":{"start":{"line":9,"column":2},"end":{"line":9,"column":14}}},"fnMap":{"0":{"name":"(anonymous_1)","decl":{"start":{"line":4,"column":31},"end":{"line":4,"column":32}},"loc":{"start":{"line":4,"column":57},"end":{"line":10,"column":1}}}},"branchMap":{"0":{"loc":{"start":{"line":6,"column":2},"end":{"line":8,"column":null}},"type":"if","locations":[{"start":{"line":6,"column":2},"end":{"line":8,"column":null}},{"start":{"line":6,"column":2},"end":{"line":8,"column":null}}]},"1":{"loc":{"start":{"line":6,"column":6},"end":{"line":6,"column":19}},"type":"binary-expr","locations":[{"start":{"line":6,"column":6},"end":{"line":6,"column":19}},{"start":{"line":6,"column":23},"end":{"line":6,"column":58}}]}},"s":{"0":1,"1":1,"2":1,"3":2,"4":1,"5":1},"f":{"0":2},"b":{"0":[1,1],"1":[2,2]}}
,"/usr/src/app/src/utils/isPasswordValid.ts": {"path":"/usr/src/app/src/utils/isPasswordValid.ts","statementMap":{"0":{"start":{"line":1,"column":0},"end":{"line":1,"column":34}},"1":{"start":{"line":2,"column":50},"end":{"line":2,"column":59}},"2":{"start":{"line":3,"column":21},"end":{"line":3,"column":63}},"3":{"start":{"line":5,"column":13},"end":{"line":13,"column":2}},"4":{"start":{"line":7,"column":2},"end":{"line":7,"column":38}},"5":{"start":{"line":7,"column":25},"end":{"line":7,"column":38}},"6":{"start":{"line":8,"column":2},"end":{"line":8,"column":52}},"7":{"start":{"line":8,"column":39},"end":{"line":8,"column":52}},"8":{"start":{"line":9,"column":2},"end":{"line":9,"column":40}},"9":{"start":{"line":9,"column":27},"end":{"line":9,"column":40}},"10":{"start":{"line":10,"column":2},"end":{"line":10,"column":38}},"11":{"start":{"line":10,"column":25},"end":{"line":10,"column":38}},"12":{"start":{"line":11,"column":2},"end":{"line":11,"column":49}},"13":{"start":{"line":11,"column":36},"end":{"line":11,"column":49}},"14":{"start":{"line":12,"column":2},"end":{"line":12,"column":14}}},"fnMap":{"0":{"name":"(anonymous_1)","decl":{"start":{"line":5,"column":31},"end":{"line":5,"column":32}},"loc":{"start":{"line":5,"column":61},"end":{"line":13,"column":1}}}},"branchMap":{"0":{"loc":{"start":{"line":7,"column":2},"end":{"line":7,"column":38}},"type":"if","locations":[{"start":{"line":7,"column":2},"end":{"line":7,"column":38}},{"start":{"line":7,"column":2},"end":{"line":7,"column":38}}]},"1":{"loc":{"start":{"line":8,"column":2},"end":{"line":8,"column":52}},"type":"if","locations":[{"start":{"line":8,"column":2},"end":{"line":8,"column":52}},{"start":{"line":8,"column":2},"end":{"line":8,"column":52}}]},"2":{"loc":{"start":{"line":9,"column":2},"end":{"line":9,"column":40}},"type":"if","locations":[{"start":{"line":9,"column":2},"end":{"line":9,"column":40}},{"start":{"line":9,"column":2},"end":{"line":9,"column":40}}]},"3":{"loc":{"start":{"line":10,"column":2},"end":{"line":10,"column":38}},"type":"if","locations":[{"start":{"line":10,"column":2},"end":{"line":10,"column":38}},{"start":{"line":10,"column":2},"end":{"line":10,"column":38}}]},"4":{"loc":{"start":{"line":11,"column":2},"end":{"line":11,"column":49}},"type":"if","locations":[{"start":{"line":11,"column":2},"end":{"line":11,"column":49}},{"start":{"line":11,"column":2},"end":{"line":11,"column":49}}]}},"s":{"0":1,"1":1,"2":1,"3":1,"4":2,"5":0,"6":2,"7":1,"8":1,"9":0,"10":1,"11":0,"12":1,"13":0,"14":1},"f":{"0":2},"b":{"0":[0,2],"1":[1,1],"2":[0,1],"3":[0,1],"4":[0,1]}}
,"/usr/src/app/src/utils/paginator.ts": {"path":"/usr/src/app/src/utils/paginator.ts","statementMap":{"0":{"start":{"line":2,"column":0},"end":{"line":2,"column":48}},"1":{"start":{"line":11,"column":13},"end":{"line":29,"column":2}},"2":{"start":{"line":11,"column":57},"end":{"line":29,"column":2}},"3":{"start":{"line":12,"column":55},"end":{"line":12,"column":60}},"4":{"start":{"line":13,"column":18},"end":{"line":13,"column":41}},"5":{"start":{"line":15,"column":2},"end":{"line":17,"column":null}},"6":{"start":{"line":16,"column":4},"end":{"line":16,"column":50}},"7":{"start":{"line":18,"column":2},"end":{"line":18,"column":28}},"8":{"start":{"line":20,"column":2},"end":{"line":20,"column":50}},"9":{"start":{"line":20,"column":15},"end":{"line":20,"column":50}},"10":{"start":{"line":22,"column":2},"end":{"line":28,"column":20}}},"fnMap":{"0":{"name":"(anonymous_7)","decl":{"start":{"line":11,"column":25},"end":{"line":11,"column":32}},"loc":{"start":{"line":11,"column":57},"end":{"line":29,"column":2}}},"1":{"name":"(anonymous_8)","decl":{"start":{"line":11,"column":57},"end":{"line":11,"column":null}},"loc":{"start":{"line":11,"column":57},"end":{"line":29,"column":1}}}},"branchMap":{"0":{"loc":{"start":{"line":15,"column":2},"end":{"line":17,"column":null}},"type":"if","locations":[{"start":{"line":15,"column":2},"end":{"line":17,"column":null}},{"start":{"line":15,"column":2},"end":{"line":17,"column":null}}]},"1":{"loc":{"start":{"line":20,"column":2},"end":{"line":20,"column":50}},"type":"if","locations":[{"start":{"line":20,"column":2},"end":{"line":20,"column":50}},{"start":{"line":20,"column":2},"end":{"line":20,"column":50}}]}},"s":{"0":1,"1":1,"2":0,"3":0,"4":0,"5":0,"6":0,"7":0,"8":0,"9":0,"10":0},"f":{"0":0,"1":0},"b":{"0":[0,0],"1":[0,0]}}
,"/usr/src/app/src/utils/redis.ts": {"path":"/usr/src/app/src/utils/redis.ts","statementMap":{"0":{"start":{"line":1,"column":0},"end":{"line":1,"column":57}},"1":{"start":{"line":3,"column":13},"end":{"line":10,"column":2}},"2":{"start":{"line":3,"column":50},"end":{"line":10,"column":2}},"3":{"start":{"line":4,"column":2},"end":{"line":9,"column":5}},"4":{"start":{"line":5,"column":4},"end":{"line":8,"column":7}},"5":{"start":{"line":6,"column":6},"end":{"line":6,"column":27}},"6":{"start":{"line":6,"column":15},"end":{"line":6,"column":27}},"7":{"start":{"line":7,"column":6},"end":{"line":7,"column":21}},"8":{"start":{"line":12,"column":13},"end":{"line":19,"column":2}},"9":{"start":{"line":12,"column":44},"end":{"line":19,"column":2}},"10":{"start":{"line":13,"column":2},"end":{"line":18,"column":5}},"11":{"start":{"line":14,"column":4},"end":{"line":17,"column":7}},"12":{"start":{"line":15,"column":6},"end":{"line":15,"column":27}},"13":{"start":{"line":15,"column":15},"end":{"line":15,"column":27}},"14":{"start":{"line":16,"column":6},"end":{"line":16,"column":21}}},"fnMap":{"0":{"name":"(anonymous_7)","decl":{"start":{"line":3,"column":28},"end":{"line":3,"column":35}},"loc":{"start":{"line":3,"column":50},"end":{"line":10,"column":2}}},"1":{"name":"(anonymous_8)","decl":{"start":{"line":3,"column":50},"end":{"line":3,"column":null}},"loc":{"start":{"line":3,"column":50},"end":{"line":10,"column":1}}},"2":{"name":"(anonymous_9)","decl":{"start":{"line":4,"column":21},"end":{"line":4,"column":22}},"loc":{"start":{"line":4,"column":41},"end":{"line":9,"column":3}}},"3":{"name":"(anonymous_10)","decl":{"start":{"line":5,"column":26},"end":{"line":5,"column":27}},"loc":{"start":{"line":5,"column":41},"end":{"line":8,"column":5}}},"4":{"name":"(anonymous_11)","decl":{"start":{"line":12,"column":22},"end":{"line":12,"column":29}},"loc":{"start":{"line":12,"column":44},"end":{"line":19,"column":2}}},"5":{"name":"(anonymous_12)","decl":{"start":{"line":12,"column":44},"end":{"line":12,"column":null}},"loc":{"start":{"line":12,"column":44},"end":{"line":19,"column":1}}},"6":{"name":"(anonymous_13)","decl":{"start":{"line":13,"column":21},"end":{"line":13,"column":22}},"loc":{"start":{"line":13,"column":41},"end":{"line":18,"column":3}}},"7":{"name":"(anonymous_14)","decl":{"start":{"line":14,"column":25},"end":{"line":14,"column":26}},"loc":{"start":{"line":14,"column":40},"end":{"line":17,"column":5}}}},"branchMap":{"0":{"loc":{"start":{"line":6,"column":6},"end":{"line":6,"column":27}},"type":"if","locations":[{"start":{"line":6,"column":6},"end":{"line":6,"column":27}},{"start":{"line":6,"column":6},"end":{"line":6,"column":27}}]},"1":{"loc":{"start":{"line":15,"column":6},"end":{"line":15,"column":27}},"type":"if","locations":[{"start":{"line":15,"column":6},"end":{"line":15,"column":27}},{"start":{"line":15,"column":6},"end":{"line":15,"column":27}}]}},"s":{"0":1,"1":1,"2":0,"3":0,"4":0,"5":0,"6":0,"7":0,"8":1,"9":0,"10":0,"11":0,"12":0,"13":0,"14":0},"f":{"0":0,"1":0,"2":0,"3":0,"4":0,"5":0,"6":0,"7":0},"b":{"0":[0,0],"1":[0,0]}}
,"/usr/src/app/tests/Mutations.ts": {"path":"/usr/src/app/tests/Mutations.ts","statementMap":{"0":{"start":{"line":1,"column":14},"end":{"line":7,"column":3}},"1":{"start":{"line":41,"column":9},"end":{"line":41,"column":14}},"2":{"start":{"line":9,"column":15},"end":{"line":12,"column":3}},"3":{"start":{"line":41,"column":16},"end":{"line":41,"column":22}},"4":{"start":{"line":14,"column":17},"end":{"line":20,"column":3}},"5":{"start":{"line":41,"column":24},"end":{"line":41,"column":32}},"6":{"start":{"line":22,"column":18},"end":{"line":28,"column":3}},"7":{"start":{"line":41,"column":58},"end":{"line":41,"column":67}},"8":{"start":{"line":30,"column":18},"end":{"line":32,"column":3}},"9":{"start":{"line":41,"column":47},"end":{"line":41,"column":56}},"10":{"start":{"line":34,"column":15},"end":{"line":36,"column":3}},"11":{"start":{"line":41,"column":69},"end":{"line":41,"column":75}},"12":{"start":{"line":38,"column":20},"end":{"line":40,"column":3}},"13":{"start":{"line":41,"column":34},"end":{"line":41,"column":45}}},"fnMap":{},"branchMap":{},"s":{"0":1,"1":1,"2":1,"3":1,"4":1,"5":1,"6":1,"7":1,"8":1,"9":1,"10":1,"11":1,"12":1,"13":1},"f":{},"b":{}}
,"/usr/src/app/tests/Queries.ts": {"path":"/usr/src/app/tests/Queries.ts","statementMap":{"0":{"start":{"line":1,"column":25},"end":{"line":4,"column":3}},"1":{"start":{"line":43,"column":9},"end":{"line":43,"column":25}},"2":{"start":{"line":6,"column":17},"end":{"line":12,"column":3}},"3":{"start":{"line":43,"column":27},"end":{"line":43,"column":35}},"4":{"start":{"line":14,"column":17},"end":{"line":22,"column":3}},"5":{"start":{"line":43,"column":37},"end":{"line":43,"column":45}},"6":{"start":{"line":24,"column":11},"end":{"line":32,"column":3}},"7":{"start":{"line":43,"column":47},"end":{"line":43,"column":49}},"8":{"start":{"line":34,"column":17},"end":{"line":41,"column":3}},"9":{"start":{"line":43,"column":51},"end":{"line":43,"column":59}}},"fnMap":{},"branchMap":{},"s":{"0":1,"1":1,"2":1,"3":1,"4":1,"5":1,"6":1,"7":1,"8":1,"9":1},"f":{},"b":{}}
,"/usr/src/app/tests/gqlTestCall.ts": {"path":"/usr/src/app/tests/gqlTestCall.ts","statementMap":{"0":{"start":{"line":1,"column":0},"end":{"line":1,"column":34}},"1":{"start":{"line":2,"column":0},"end":{"line":2,"column":53}},"2":{"start":{"line":3,"column":0},"end":{"line":3,"column":46}},"3":{"start":{"line":4,"column":0},"end":{"line":4,"column":45}},"4":{"start":{"line":6,"column":15},"end":{"line":12,"column":2}},"5":{"start":{"line":14,"column":13},"end":{"line":40,"column":2}},"6":{"start":{"line":18,"column":4},"end":{"line":40,"column":2}},"7":{"start":{"line":19,"column":2},"end":{"line":39,"column":4}}},"fnMap":{"0":{"name":"(anonymous_7)","decl":{"start":{"line":14,"column":31},"end":{"line":14,"column":null}},"loc":{"start":{"line":18,"column":4},"end":{"line":40,"column":2}}},"1":{"name":"(anonymous_8)","decl":{"start":{"line":18,"column":4},"end":{"line":18,"column":null}},"loc":{"start":{"line":18,"column":4},"end":{"line":40,"column":1}}},"2":{"name":"(anonymous_9)","decl":{"start":{"line":25,"column":15},"end":{"line":25,"column":18}},"loc":{"start":{"line":25,"column":20},"end":{"line":25,"column":23}}},"3":{"name":"(anonymous_10)","decl":{"start":{"line":26,"column":16},"end":{"line":26,"column":19}},"loc":{"start":{"line":26,"column":21},"end":{"line":26,"column":24}}},"4":{"name":"(anonymous_11)","decl":{"start":{"line":31,"column":19},"end":{"line":31,"column":22}},"loc":{"start":{"line":31,"column":24},"end":{"line":31,"column":27}}},"5":{"name":"(anonymous_12)","decl":{"start":{"line":35,"column":21},"end":{"line":35,"column":24}},"loc":{"start":{"line":35,"column":26},"end":{"line":35,"column":29}}}},"branchMap":{},"s":{"0":1,"1":1,"2":1,"3":1,"4":1,"5":1,"6":18,"7":18},"f":{"0":18,"1":18,"2":2,"3":4,"4":1,"5":1},"b":{}}
}
