TN:
SF:knexfile.ts
FNF:0
FNH:0
DA:1,1
DA:6,1
DA:25,1
DA:26,1
LF:4
LH:4
BRF:0
BRH:0
end_of_record
TN:
SF:config/environment.ts
FN:7,(anonymous_0)
FN:8,(anonymous_1)
FNF:2
FNH:0
FNDA:0,(anonymous_0)
FNDA:0,(anonymous_1)
DA:1,1
DA:3,1
DA:5,1
DA:7,1
DA:8,0
DA:9,0
DA:10,0
DA:11,0
DA:14,0
DA:15,0
DA:17,0
DA:18,0
DA:19,0
DA:20,0
LF:14
LH:4
BRDA:9,0,0,0
BRDA:9,0,1,0
BRF:2
BRH:0
end_of_record
TN:
SF:config/knex.ts
FNF:0
FNH:0
DA:1,1
DA:3,1
DA:5,1
DA:6,1
LF:4
LH:4
BRF:0
BRH:0
end_of_record
TN:
SF:config/server-config.ts
FN:11,(anonymous_1)
FNF:1
FNH:0
FNDA:0,(anonymous_1)
DA:1,1
DA:2,1
DA:3,1
DA:5,1
DA:6,1
DA:11,1
DA:12,0
DA:27,1
LF:8
LH:7
BRDA:8,0,0,1
BRDA:8,0,1,0
BRF:2
BRH:1
end_of_record
TN:
SF:errors/IError.ts
FN:5,(anonymous_0)
FNF:1
FNH:1
FNDA:1,(anonymous_0)
DA:5,1
DA:6,1
LF:2
LH:2
BRF:0
BRH:0
end_of_record
TN:
SF:errors/articles.ts
FN:10,(anonymous_0)
FN:14,(anonymous_1)
FNF:2
FNH:1
FNDA:3,(anonymous_0)
FNDA:0,(anonymous_1)
DA:11,3
DA:12,3
DA:15,0
DA:23,1
DA:28,1
DA:33,1
LF:6
LH:5
BRF:0
BRH:0
end_of_record
TN:
SF:errors/auth.ts
FN:7,(anonymous_0)
FN:10,(anonymous_1)
FNF:2
FNH:2
FNDA:3,(anonymous_0)
FNDA:1,(anonymous_1)
DA:8,3
DA:11,1
DA:19,1
DA:24,1
DA:27,1
LF:5
LH:5
BRF:0
BRH:0
end_of_record
TN:
SF:errors/generalErrors.ts
FNF:0
FNH:0
DA:1,1
DA:5,1
DA:9,1
DA:11,1
LF:4
LH:4
BRF:0
BRH:0
end_of_record
TN:
SF:errors/index.ts
FN:5,(anonymous_4)
FNF:1
FNH:1
FNDA:1,(anonymous_4)
DA:1,1
DA:2,1
DA:3,1
DA:4,1
DA:5,2
LF:5
LH:5
BRF:0
BRH:0
end_of_record
TN:
SF:errors/updateAcc.ts
FN:8,(anonymous_0)
FN:11,(anonymous_1)
FNF:2
FNH:2
FNDA:3,(anonymous_0)
FNDA:1,(anonymous_1)
DA:9,3
DA:12,1
DA:20,1
DA:25,1
DA:29,1
LF:5
LH:5
BRF:0
BRH:0
end_of_record
TN:
SF:schema/typeDefs/index.ts
FNF:0
FNH:0
DA:1,1
DA:2,1
DA:4,1
DA:8,1
LF:4
LH:4
BRF:0
BRH:0
end_of_record
TN:
SF:src/db/migrations/20200504130026_create_users_table.ts
FN:5,up
FN:8,(anonymous_9)
FN:27,(anonymous_10)
FN:27,(anonymous_11)
FNF:4
FNH:4
FNDA:1,up
FNDA:1,(anonymous_9)
FNDA:1,(anonymous_10)
FNDA:1,(anonymous_11)
DA:3,1
DA:5,1
DA:6,1
DA:8,1
DA:9,1
DA:14,1
DA:15,1
DA:18,1
DA:19,1
DA:20,1
DA:21,1
DA:22,1
DA:23,1
DA:27,1
DA:28,1
LF:15
LH:15
BRF:0
BRH:0
end_of_record
TN:
SF:src/db/migrations/20200504130650_create_articles_table.ts
FN:5,up
FN:8,(anonymous_9)
FN:21,(anonymous_10)
FN:21,(anonymous_11)
FNF:4
FNH:4
FNDA:1,up
FNDA:1,(anonymous_9)
FNDA:1,(anonymous_10)
FNDA:1,(anonymous_11)
DA:3,1
DA:5,1
DA:6,1
DA:8,1
DA:9,1
DA:10,1
DA:11,1
DA:12,1
DA:13,1
DA:15,1
DA:21,1
DA:22,1
LF:12
LH:12
BRF:0
BRH:0
end_of_record
TN:
SF:src/db/seeds/01_users.ts
FN:6,passHash
FN:10,seed
FN:14,(anonymous_10)
FNF:3
FNH:3
FNDA:3,passHash
FNDA:1,seed
FNDA:1,(anonymous_10)
DA:2,1
DA:4,1
DA:6,1
DA:7,3
DA:10,1
DA:12,1
DA:16,1
LF:7
LH:7
BRF:0
BRH:0
end_of_record
TN:
SF:src/db/seeds/02_articles.ts
FN:4,seed
FN:8,(anonymous_9)
FNF:2
FNH:2
FNDA:1,seed
FNDA:1,(anonymous_9)
DA:2,1
DA:4,1
DA:6,1
DA:10,1
LF:4
LH:4
BRF:0
BRH:0
end_of_record
TN:
SF:src/db/seeds/mockData.ts
FNF:0
FNH:0
DA:1,1
DA:6,1
DA:7,1
DA:9,1
DA:10,1
DA:16,1
LF:6
LH:6
BRF:0
BRH:0
end_of_record
TN:
SF:src/resolvers/db_control.ts
FN:16,(anonymous_8)
FN:16,(anonymous_9)
FN:28,(anonymous_10)
FN:28,(anonymous_11)
FN:40,(anonymous_12)
FN:40,(anonymous_13)
FNF:6
FNH:6
FNDA:1,(anonymous_8)
FNDA:1,(anonymous_9)
FNDA:1,(anonymous_10)
FNDA:1,(anonymous_11)
FNDA:1,(anonymous_12)
FNDA:1,(anonymous_13)
DA:1,1
DA:2,1
DA:3,1
DA:4,1
DA:5,1
DA:6,1
DA:10,1
DA:16,1
DA:17,1
DA:18,1
DA:19,1
DA:20,1
DA:21,1
DA:23,0
DA:28,1
DA:29,1
DA:30,1
DA:31,1
DA:32,1
DA:33,1
DA:35,0
DA:40,1
DA:41,1
DA:42,1
DA:43,1
DA:44,1
DA:45,1
DA:46,1
DA:48,0
LF:29
LH:26
BRDA:17,0,0,0
BRDA:17,0,1,1
BRDA:29,1,0,0
BRDA:29,1,1,1
BRDA:41,2,0,0
BRDA:41,2,1,1
BRF:6
BRH:3
end_of_record
TN:
SF:src/resolvers/index.ts
FN:22,(anonymous_7)
FN:22,(anonymous_8)
FN:26,(anonymous_9)
FN:26,(anonymous_10)
FNF:4
FNH:0
FNDA:0,(anonymous_7)
FNDA:0,(anonymous_8)
FNDA:0,(anonymous_9)
FNDA:0,(anonymous_10)
DA:1,1
DA:2,1
DA:3,1
DA:4,1
DA:6,1
DA:22,0
DA:23,0
DA:26,0
DA:27,0
DA:32,1
LF:10
LH:6
BRF:0
BRH:0
end_of_record
TN:
SF:src/resolvers/articleResolvers/index.ts
FNF:0
FNH:0
DA:1,1
DA:2,1
LF:2
LH:2
BRF:0
BRH:0
end_of_record
TN:
SF:src/resolvers/articleResolvers/mutations/create.ts
FN:6,(anonymous_8)
FN:10,(anonymous_9)
FNF:2
FNH:0
FNDA:0,(anonymous_8)
FNDA:0,(anonymous_9)
DA:2,1
DA:3,1
DA:4,1
DA:6,1
DA:10,0
DA:11,0
DA:12,0
DA:24,0
DA:30,0
DA:31,0
LF:10
LH:4
BRF:0
BRH:0
end_of_record
TN:
SF:src/resolvers/articleResolvers/mutations/edit.ts
FN:5,(anonymous_8)
FN:9,(anonymous_9)
FNF:2
FNH:0
FNDA:0,(anonymous_8)
FNDA:0,(anonymous_9)
DA:2,1
DA:3,1
DA:5,1
DA:9,0
DA:10,0
DA:11,0
DA:17,0
DA:18,0
DA:21,0
DA:26,0
DA:28,0
DA:29,0
LF:12
LH:3
BRDA:17,0,0,0
BRDA:17,0,1,0
BRF:2
BRH:0
end_of_record
TN:
SF:src/resolvers/articleResolvers/mutations/index.ts
FN:1,(anonymous_0)
FN:2,(anonymous_1)
FN:3,(anonymous_2)
FNF:3
FNH:3
FNDA:1,(anonymous_0)
FNDA:1,(anonymous_1)
FNDA:1,(anonymous_2)
DA:1,2
DA:2,2
DA:3,2
LF:3
LH:3
BRF:0
BRH:0
end_of_record
TN:
SF:src/resolvers/articleResolvers/mutations/remove.ts
FN:5,(anonymous_8)
FN:9,(anonymous_9)
FNF:2
FNH:0
FNDA:0,(anonymous_8)
FNDA:0,(anonymous_9)
DA:1,1
DA:3,1
DA:5,1
DA:9,0
DA:10,0
DA:11,0
DA:13,0
DA:15,0
DA:19,0
DA:21,0
DA:22,0
LF:11
LH:3
BRDA:13,0,0,0
BRDA:13,0,1,0
BRF:2
BRH:0
end_of_record
TN:
SF:src/resolvers/articleResolvers/queries/allArticles.ts
FN:7,(anonymous_8)
FN:11,(anonymous_9)
FNF:2
FNH:0
FNDA:0,(anonymous_8)
FNDA:0,(anonymous_9)
DA:1,1
DA:4,1
DA:5,1
DA:7,1
DA:11,0
DA:12,0
DA:13,0
DA:15,0
DA:17,0
DA:24,0
DA:25,0
LF:11
LH:4
BRF:0
BRH:0
end_of_record
TN:
SF:src/resolvers/articleResolvers/queries/articleByID.ts
FN:5,(anonymous_8)
FN:8,(anonymous_9)
FNF:2
FNH:0
FNDA:0,(anonymous_8)
FNDA:0,(anonymous_9)
DA:1,1
DA:3,1
DA:5,1
DA:8,0
DA:9,0
DA:10,0
DA:14,0
DA:15,0
LF:8
LH:3
BRF:0
BRH:0
end_of_record
TN:
SF:src/resolvers/articleResolvers/queries/findArticle.ts
FN:9,(anonymous_8)
FN:14,(anonymous_9)
FNF:2
FNH:0
FNDA:0,(anonymous_8)
FNDA:0,(anonymous_9)
DA:1,1
DA:5,1
DA:6,1
DA:9,1
DA:14,0
DA:15,0
DA:16,0
DA:17,0
DA:18,0
DA:19,0
DA:21,0
DA:22,0
DA:29,0
DA:30,0
DA:33,0
DA:34,0
DA:37,0
DA:39,0
DA:46,0
DA:47,0
LF:20
LH:4
BRDA:21,0,0,0
BRDA:21,0,1,0
BRDA:29,1,0,0
BRDA:29,1,1,0
BRDA:33,2,0,0
BRDA:33,2,1,0
BRF:6
BRH:0
end_of_record
TN:
SF:src/resolvers/articleResolvers/queries/index.ts
FN:1,(anonymous_0)
FN:2,(anonymous_1)
FN:3,(anonymous_2)
FN:4,(anonymous_3)
FNF:4
FNH:4
FNDA:1,(anonymous_0)
FNDA:1,(anonymous_1)
FNDA:1,(anonymous_2)
FNDA:1,(anonymous_3)
DA:1,2
DA:2,2
DA:3,2
DA:4,2
LF:4
LH:4
BRF:0
BRH:0
end_of_record
TN:
SF:src/resolvers/articleResolvers/queries/publicFeed.ts
FN:6,(anonymous_8)
FN:6,(anonymous_9)
FNF:2
FNH:0
FNDA:0,(anonymous_8)
FNDA:0,(anonymous_9)
DA:1,1
DA:4,1
DA:6,1
DA:7,0
DA:8,0
DA:12,0
DA:13,0
LF:7
LH:3
BRF:0
BRH:0
end_of_record
TN:
SF:src/resolvers/userResolvers/index.ts
FNF:0
FNH:0
DA:1,1
DA:2,1
LF:2
LH:2
BRF:0
BRH:0
end_of_record
TN:
SF:src/resolvers/userResolvers/mutations/delete.ts
FN:5,(anonymous_8)
FN:9,(anonymous_9)
FNF:2
FNH:0
FNDA:0,(anonymous_8)
FNDA:0,(anonymous_9)
DA:1,1
DA:3,1
DA:5,1
DA:9,0
DA:10,0
DA:11,0
DA:12,0
DA:13,0
DA:21,0
DA:22,0
LF:10
LH:3
BRDA:11,0,0,0
BRDA:11,0,1,0
BRDA:11,1,0,0
BRDA:11,1,1,0
BRF:4
BRH:0
end_of_record
TN:
SF:src/resolvers/userResolvers/mutations/index.ts
FN:1,(anonymous_0)
FN:2,(anonymous_1)
FN:3,(anonymous_2)
FN:4,(anonymous_3)
FN:5,(anonymous_4)
FNF:5
FNH:5
FNDA:1,(anonymous_0)
FNDA:1,(anonymous_1)
FNDA:1,(anonymous_2)
FNDA:1,(anonymous_3)
FNDA:1,(anonymous_4)
DA:1,2
DA:2,2
DA:3,2
DA:4,2
DA:5,2
LF:5
LH:5
BRF:0
BRH:0
end_of_record
TN:
SF:src/resolvers/userResolvers/mutations/login.ts
FN:7,(anonymous_8)
FN:11,(anonymous_9)
FNF:2
FNH:2
FNDA:2,(anonymous_8)
FNDA:2,(anonymous_9)
DA:1,1
DA:2,1
DA:4,1
DA:5,1
DA:7,1
DA:11,2
DA:12,2
DA:14,2
DA:15,2
DA:17,2
DA:18,2
DA:20,2
DA:25,2
DA:26,1
DA:29,1
DA:31,0
DA:32,0
LF:17
LH:15
BRDA:17,0,0,2
BRDA:17,0,1,0
BRDA:25,1,0,1
BRDA:25,1,1,1
BRF:4
BRH:3
end_of_record
TN:
SF:src/resolvers/userResolvers/mutations/logout.ts
FN:3,(anonymous_7)
FN:7,(anonymous_8)
FNF:2
FNH:2
FNDA:1,(anonymous_7)
FNDA:1,(anonymous_8)
DA:3,1
DA:7,1
DA:8,1
DA:9,1
DA:10,1
DA:11,1
DA:12,1
DA:14,0
LF:8
LH:7
BRF:0
BRH:0
end_of_record
TN:
SF:src/resolvers/userResolvers/mutations/register.ts
FN:9,(anonymous_8)
FN:13,(anonymous_9)
FNF:2
FNH:2
FNDA:2,(anonymous_8)
FNDA:2,(anonymous_9)
DA:1,1
DA:2,1
DA:3,1
DA:4,1
DA:6,1
DA:7,1
DA:9,1
DA:13,2
DA:14,2
DA:17,2
DA:19,2
DA:20,2
DA:22,1
DA:23,1
DA:35,1
DA:37,0
DA:38,0
LF:17
LH:15
BRDA:17,0,0,0
BRDA:17,0,1,2
BRDA:20,1,0,1
BRDA:20,1,1,1
BRF:4
BRH:3
end_of_record
TN:
SF:src/resolvers/userResolvers/mutations/update.ts
FN:12,(anonymous_8)
FN:16,(anonymous_9)
FNF:2
FNH:2
FNDA:2,(anonymous_8)
FNDA:2,(anonymous_9)
DA:2,1
DA:3,1
DA:4,1
DA:5,1
DA:12,1
DA:16,2
DA:17,2
DA:18,2
DA:20,2
DA:22,2
DA:24,2
DA:25,1
DA:28,1
DA:29,1
DA:32,1
DA:33,0
DA:35,0
DA:36,0
DA:38,0
DA:42,1
DA:49,1
DA:51,0
DA:52,0
LF:23
LH:17
BRDA:24,0,0,1
BRDA:24,0,1,1
BRDA:28,1,0,1
BRDA:28,1,1,0
BRDA:32,2,0,0
BRDA:32,2,1,1
BRDA:33,3,0,0
BRDA:33,3,1,0
BRDA:35,4,0,0
BRDA:35,4,1,0
BRF:10
BRH:4
end_of_record
TN:
SF:src/resolvers/userResolvers/queries/allUsers.ts
FN:6,(anonymous_8)
FN:6,(anonymous_9)
FNF:2
FNH:2
FNDA:1,(anonymous_8)
FNDA:1,(anonymous_9)
DA:1,1
DA:4,1
DA:6,1
DA:7,1
DA:8,1
DA:10,0
DA:11,0
LF:7
LH:5
BRF:0
BRH:0
end_of_record
TN:
SF:src/resolvers/userResolvers/queries/findUser.ts
FN:6,(anonymous_8)
FN:9,(anonymous_9)
FNF:2
FNH:2
FNDA:2,(anonymous_8)
FNDA:2,(anonymous_9)
DA:1,1
DA:3,1
DA:6,1
DA:9,2
DA:10,2
DA:11,2
DA:12,2
DA:14,2
DA:15,2
DA:16,2
DA:17,2
DA:19,2
DA:21,0
DA:22,0
LF:14
LH:12
BRDA:14,0,0,1
BRDA:14,0,1,1
BRDA:15,1,0,1
BRDA:15,1,1,1
BRDA:16,2,0,0
BRDA:16,2,1,2
BRDA:17,3,0,0
BRDA:17,3,1,2
BRF:8
BRH:6
end_of_record
TN:
SF:src/resolvers/userResolvers/queries/index.ts
FN:1,(anonymous_0)
FN:2,(anonymous_1)
FN:3,(anonymous_2)
FN:4,(anonymous_3)
FN:5,(anonymous_4)
FN:6,(anonymous_5)
FNF:6
FNH:6
FNDA:1,(anonymous_0)
FNDA:1,(anonymous_1)
FNDA:1,(anonymous_2)
FNDA:1,(anonymous_3)
FNDA:1,(anonymous_4)
FNDA:1,(anonymous_5)
DA:1,2
DA:2,2
DA:3,2
DA:4,2
DA:5,2
DA:6,2
LF:6
LH:6
BRF:0
BRH:0
end_of_record
TN:
SF:src/resolvers/userResolvers/queries/isUserRegistered.ts
FN:5,(anonymous_8)
FN:8,(anonymous_9)
FNF:2
FNH:2
FNDA:2,(anonymous_8)
FNDA:2,(anonymous_9)
DA:1,1
DA:3,1
DA:5,1
DA:8,2
DA:9,2
DA:10,2
DA:12,0
DA:13,0
LF:8
LH:6
BRF:0
BRH:0
end_of_record
TN:
SF:src/resolvers/userResolvers/queries/me.ts
FN:5,(anonymous_8)
FN:13,(anonymous_9)
FNF:2
FNH:2
FNDA:2,(anonymous_8)
FNDA:2,(anonymous_9)
DA:2,1
DA:3,1
DA:5,1
DA:13,2
DA:14,2
DA:15,2
DA:17,0
DA:18,0
LF:8
LH:6
BRF:0
BRH:0
end_of_record
TN:
SF:src/resolvers/userResolvers/queries/userById.ts
FN:5,(anonymous_8)
FN:5,(anonymous_9)
FNF:2
FNH:2
FNDA:1,(anonymous_8)
FNDA:1,(anonymous_9)
DA:1,1
DA:3,1
DA:5,1
DA:6,1
DA:7,1
DA:9,0
DA:10,0
LF:7
LH:5
BRF:0
BRH:0
end_of_record
TN:
SF:src/resolvers/userResolvers/queries/userFeed.ts
FN:6,(anonymous_8)
FN:6,(anonymous_9)
FNF:2
FNH:0
FNDA:0,(anonymous_8)
FNDA:0,(anonymous_9)
DA:1,1
DA:3,1
DA:6,1
DA:7,0
DA:8,0
DA:10,0
DA:11,0
LF:7
LH:3
BRF:0
BRH:0
end_of_record
TN:
SF:src/utils/auth.ts
FN:6,(anonymous_0)
FN:7,(anonymous_1)
FNF:2
FNH:1
FNDA:2,(anonymous_0)
FNDA:0,(anonymous_1)
DA:3,1
DA:6,1
DA:7,2
DA:8,0
DA:9,0
DA:13,2
LF:6
LH:4
BRDA:8,0,0,0
BRDA:8,0,1,0
BRF:2
BRH:0
end_of_record
TN:
SF:src/utils/getArticles.ts
FN:5,(anonymous_7)
FN:5,(anonymous_8)
FNF:2
FNH:0
FNDA:0,(anonymous_7)
FNDA:0,(anonymous_8)
DA:1,1
DA:2,1
DA:5,1
DA:6,0
DA:8,0
DA:9,0
DA:11,0
DA:14,0
LF:8
LH:3
BRDA:8,0,0,0
BRDA:8,0,1,0
BRF:2
BRH:0
end_of_record
TN:
SF:src/utils/isAccountValid.ts
FN:7,(anonymous_1)
FNF:1
FNH:1
FNDA:2,(anonymous_1)
DA:1,1
DA:2,1
DA:3,1
DA:5,1
DA:7,1
DA:8,2
DA:9,2
DA:11,2
DA:12,2
DA:13,2
DA:15,2
LF:11
LH:11
BRDA:11,0,0,1
BRDA:11,0,1,1
BRDA:12,1,0,1
BRDA:12,1,1,1
BRDA:13,2,0,1
BRDA:13,2,1,1
BRF:6
BRH:6
end_of_record
TN:
SF:src/utils/isNameValid.ts
FN:4,(anonymous_1)
FNF:1
FNH:1
FNDA:2,(anonymous_1)
DA:1,1
DA:2,1
DA:4,1
DA:6,2
DA:7,1
DA:9,1
LF:6
LH:6
BRDA:6,0,0,1
BRDA:6,0,1,1
BRDA:6,1,0,2
BRDA:6,1,1,2
BRF:4
BRH:4
end_of_record
TN:
SF:src/utils/isPasswordValid.ts
FN:5,(anonymous_1)
FNF:1
FNH:1
FNDA:2,(anonymous_1)
DA:1,1
DA:2,1
DA:3,1
DA:5,1
DA:7,2
DA:8,2
DA:9,1
DA:10,1
DA:11,1
DA:12,1
LF:10
LH:10
BRDA:7,0,0,0
BRDA:7,0,1,2
BRDA:8,1,0,1
BRDA:8,1,1,1
BRDA:9,2,0,0
BRDA:9,2,1,1
BRDA:10,3,0,0
BRDA:10,3,1,1
BRDA:11,4,0,0
BRDA:11,4,1,1
BRF:10
BRH:6
end_of_record
TN:
SF:src/utils/paginator.ts
FN:11,(anonymous_7)
FN:11,(anonymous_8)
FNF:2
FNH:0
FNDA:0,(anonymous_7)
FNDA:0,(anonymous_8)
DA:2,1
DA:11,1
DA:12,0
DA:13,0
DA:15,0
DA:16,0
DA:18,0
DA:20,0
DA:22,0
LF:9
LH:2
BRDA:15,0,0,0
BRDA:15,0,1,0
BRDA:20,1,0,0
BRDA:20,1,1,0
BRF:4
BRH:0
end_of_record
TN:
SF:src/utils/redis.ts
FN:3,(anonymous_7)
FN:3,(anonymous_8)
FN:4,(anonymous_9)
FN:5,(anonymous_10)
FN:12,(anonymous_11)
FN:12,(anonymous_12)
FN:13,(anonymous_13)
FN:14,(anonymous_14)
FNF:8
FNH:0
FNDA:0,(anonymous_7)
FNDA:0,(anonymous_8)
FNDA:0,(anonymous_9)
FNDA:0,(anonymous_10)
FNDA:0,(anonymous_11)
FNDA:0,(anonymous_12)
FNDA:0,(anonymous_13)
FNDA:0,(anonymous_14)
DA:1,1
DA:3,1
DA:4,0
DA:5,0
DA:6,0
DA:7,0
DA:12,1
DA:13,0
DA:14,0
DA:15,0
DA:16,0
LF:11
LH:3
BRDA:6,0,0,0
BRDA:6,0,1,0
BRDA:15,1,0,0
BRDA:15,1,1,0
BRF:4
BRH:0
end_of_record
TN:
SF:tests/Mutations.ts
FNF:0
FNH:0
DA:1,1
DA:9,1
DA:14,1
DA:22,1
DA:30,1
DA:34,1
DA:38,1
DA:41,1
LF:8
LH:8
BRF:0
BRH:0
end_of_record
TN:
SF:tests/Queries.ts
FNF:0
FNH:0
DA:1,1
DA:6,1
DA:14,1
DA:24,1
DA:34,1
DA:43,1
LF:6
LH:6
BRF:0
BRH:0
end_of_record
TN:
SF:tests/gqlTestCall.ts
FN:14,(anonymous_7)
FN:18,(anonymous_8)
FN:25,(anonymous_9)
FN:26,(anonymous_10)
FN:31,(anonymous_11)
FN:35,(anonymous_12)
FNF:6
FNH:6
FNDA:18,(anonymous_7)
FNDA:18,(anonymous_8)
FNDA:2,(anonymous_9)
FNDA:4,(anonymous_10)
FNDA:1,(anonymous_11)
FNDA:1,(anonymous_12)
DA:1,1
DA:2,1
DA:3,1
DA:4,1
DA:6,1
DA:14,1
DA:18,18
DA:19,18
LF:8
LH:8
BRF:0
BRH:0
end_of_record
